-0.0;0.0;-0.0;0.0;0.0;0.0;0.0
-56.97;-147.63;-9.18;0.0;0.0;0.0;0.0
-55.45;-147.99;-8.99;0.0;0.0;0.0;0.0
-54.25;-148.24;-8.84;0.0;0.0;0.0;0.0
-53.08;-148.44;-8.67;0.0;0.0;0.0;0.0
-51.92;-148.63;-8.51;0.0;0.0;0.0;0.0
-50.78;-148.78;-8.34;0.0;0.0;0.0;0.0
-49.66;-148.91;-8.15;0.0;0.0;0.0;0.0
-48.57;-149.02;-7.97;0.0;0.0;0.0;0.0
-47.22;-149.12;-7.73;0.0;0.0;0.0;0.0
-46.17;-149.2;-7.54;0.0;0.0;0.0;0.0
-45.15;-149.25;-7.34;0.0;0.0;0.0;0.0
-43.9;-149.3;-7.09;0.0;0.0;0.0;0.0
-42.92;-149.33;-6.89;0.0;0.0;0.0;0.0
-41.96;-149.34;-6.68;0.0;0.0;0.0;0.0
-41.03;-149.34;-6.49;0.0;0.0;0.0;0.0
-40.11;-149.33;-6.28;0.0;0.0;0.0;0.0
-39.22;-149.32;-6.07;0.0;0.0;0.0;0.0
-38.35;-149.3;-5.87;0.0;0.0;0.0;0.0
-37.5;-149.27;-5.66;0.0;0.0;0.0;0.0
-36.67;-149.23;-5.46;0.0;0.0;0.0;0.0
-35.86;-149.19;-5.25;0.0;0.0;0.0;0.0
-35.07;-149.14;-5.04;0.0;0.0;0.0;0.0
-34.3;-149.08;-4.85;0.0;0.0;0.0;0.0
-33.56;-149.02;-4.64;0.0;0.0;0.0;0.0
-32.83;-148.96;-4.44;0.0;0.0;0.0;0.0
-32.11;-148.89;-4.24;0.0;0.0;0.0;0.0
-31.42;-148.82;-4.04;0.0;0.0;0.0;0.0
-30.58;-148.73;-3.8;0.0;0.0;0.0;0.0
-30.08;-148.67;-3.65;0.0;0.0;0.0;0.0
-29.45;-148.58;-3.47;0.0;0.0;0.0;0.0
-28.83;-148.49;-3.28;0.0;0.0;0.0;0.0
-28.22;-148.41;-3.09;0.0;0.0;0.0;0.0
-27.63;-148.31;-2.91;0.0;0.0;0.0;0.0
-27.05;-148.22;-2.72;0.0;0.0;0.0;0.0
-26.49;-148.13;-2.54;0.0;0.0;0.0;0.0
-25.82;-148.0;-2.31;0.0;0.0;0.0;0.0
-25.29;-147.9;-2.15;0.0;0.0;0.0;0.0
-24.66;-147.77;-1.93;0.0;0.0;0.0;0.0
-24.17;-147.66;-1.77;0.0;0.0;0.0;0.0
-23.68;-147.56;-1.59;0.0;0.0;0.0;0.0
-23.22;-147.45;-1.44;0.0;0.0;0.0;0.0
-22.66;-147.31;-1.23;0.0;0.0;0.0;0.0
-22.22;-147.2;-1.08;0.0;0.0;0.0;0.0
-21.8;-147.09;-0.93;0.0;0.0;0.0;0.0
-21.39;-146.97;-0.78;0.0;0.0;0.0;0.0
-20.98;-146.85;-0.63;0.0;0.0;0.0;0.0
-20.6;-146.74;-0.49;0.0;0.0;0.0;0.0
-20.32;-146.64;-0.38;0.0;0.0;0.0;0.0
-19.95;-146.53;-0.24;0.0;0.0;0.0;0.0
-19.59;-146.41;-0.11;0.0;0.0;0.0;0.0
-19.24;-146.28;0.02;0.0;0.0;0.0;0.0
-18.98;-146.2;0.13;0.0;0.0;0.0;0.0
-18.65;-146.07;0.26;0.0;0.0;0.0;0.0
-18.33;-145.94;0.38;0.0;0.0;0.0;0.0
-18.02;-145.82;0.51;0.0;0.0;0.0;0.0
-17.72;-145.69;0.63;0.0;0.0;0.0;0.0
-17.5;-145.59;0.72;0.0;0.0;0.0;0.0
-17.21;-145.47;0.83;0.0;0.0;0.0;0.0
-16.93;-145.34;0.96;0.0;0.0;0.0;0.0
-16.72;-145.25;1.04;0.0;0.0;0.0;0.0
-16.46;-145.12;1.15;0.0;0.0;0.0;0.0
-16.19;-144.99;1.26;0.0;0.0;0.0;0.0
-15.95;-144.86;1.36;0.0;0.0;0.0;0.0
-15.71;-144.73;1.46;0.0;0.0;0.0;0.0
-15.47;-144.6;1.57;0.0;0.0;0.0;0.0
-15.24;-144.47;1.66;0.0;0.0;0.0;0.0
-15.01;-144.33;1.76;0.0;0.0;0.0;0.0
-14.79;-144.21;1.86;0.0;0.0;0.0;0.0
-14.59;-144.08;1.95;0.0;0.0;0.0;0.0
-14.38;-143.94;2.04;0.0;0.0;0.0;0.0
-14.18;-143.81;2.13;0.0;0.0;0.0;0.0
-13.99;-143.67;2.22;0.0;0.0;0.0;0.0
-13.81;-143.54;2.3;0.0;0.0;0.0;0.0
-13.63;-143.41;2.39;0.0;0.0;0.0;0.0
-13.46;-143.27;2.47;0.0;0.0;0.0;0.0
-13.33;-143.17;2.53;0.0;0.0;0.0;0.0
-13.16;-143.03;2.61;0.0;0.0;0.0;0.0
-13.0;-142.9;2.68;0.0;0.0;0.0;0.0
-12.85;-142.76;2.76;0.0;0.0;0.0;0.0
-12.66;-142.6;2.85;0.0;0.0;0.0;0.0
-12.51;-142.46;2.92;0.0;0.0;0.0;0.0
-12.37;-142.32;2.99;0.0;0.0;0.0;0.0
-12.23;-142.19;3.06;0.0;0.0;0.0;0.0
-12.09;-142.04;3.13;0.0;0.0;0.0;0.0
-11.97;-141.9;3.19;0.0;0.0;0.0;0.0
-11.87;-141.81;3.24;0.0;0.0;0.0;0.0
-11.71;-141.63;3.31;0.0;0.0;0.0;0.0
-11.6;-141.49;3.37;0.0;0.0;0.0;0.0
-11.49;-141.36;3.43;0.0;0.0;0.0;0.0
-11.37;-141.22;3.5;0.0;0.0;0.0;0.0
-11.26;-141.08;3.54;0.0;0.0;0.0;0.0
-11.16;-140.94;3.61;0.0;0.0;0.0;0.0
-11.05;-140.81;3.66;0.0;0.0;0.0;0.0
-10.96;-140.66;3.71;0.0;0.0;0.0;0.0
-10.84;-140.49;3.78;0.0;0.0;0.0;0.0
-10.75;-140.35;3.83;0.0;0.0;0.0;0.0
-10.66;-140.21;3.87;0.0;0.0;0.0;0.0
-10.59;-140.11;3.91;0.0;0.0;0.0;0.0
-10.5;-139.97;3.95;0.0;0.0;0.0;0.0
-10.43;-139.83;4.0;0.0;0.0;0.0;0.0
-10.34;-139.68;4.04;0.0;0.0;0.0;0.0
-10.27;-139.54;4.09;0.0;0.0;0.0;0.0
-10.18;-139.41;4.13;0.0;0.0;0.0;0.0
-10.11;-139.27;4.17;0.0;0.0;0.0;0.0
-10.04;-139.13;4.22;0.0;0.0;0.0;0.0
-9.97;-138.98;4.26;0.0;0.0;0.0;0.0
-9.56;-138.03;4.5;0.0;0.0;0.0;0.0
-9.5;-137.89;4.54;0.0;0.0;0.0;0.0
-9.45;-137.75;4.57;0.0;0.0;0.0;0.0
-9.4;-137.62;4.6;0.0;0.0;0.0;0.0
-9.34;-137.47;4.63;0.0;0.0;0.0;0.0
-9.3;-137.33;4.66;0.0;0.0;0.0;0.0
-9.25;-137.19;4.68;0.0;0.0;0.0;0.0
-9.21;-137.05;4.71;0.0;0.0;0.0;0.0
-9.15;-136.87;4.74;0.0;0.0;0.0;0.0
-9.11;-136.73;4.77;0.0;0.0;0.0;0.0
-9.06;-136.59;4.8;0.0;0.0;0.0;0.0
-9.02;-136.44;4.83;0.0;0.0;0.0;0.0
-8.98;-136.31;4.85;0.0;0.0;0.0;0.0
-8.95;-136.16;4.87;0.0;0.0;0.0;0.0
-8.91;-136.02;4.9;0.0;0.0;0.0;0.0
-8.88;-135.88;4.92;0.0;0.0;0.0;0.0
-8.83;-135.7;4.95;0.0;0.0;0.0;0.0
-8.8;-135.56;4.97;0.0;0.0;0.0;0.0
-8.77;-135.46;4.99;0.0;0.0;0.0;0.0
-8.74;-135.31;5.0;0.0;0.0;0.0;0.0
-8.71;-135.14;5.03;0.0;0.0;0.0;0.0
-8.68;-134.99;5.05;0.0;0.0;0.0;0.0
-8.65;-134.85;5.07;0.0;0.0;0.0;0.0
-8.62;-134.71;5.09;0.0;0.0;0.0;0.0
-8.59;-134.54;5.11;0.0;0.0;0.0;0.0
-8.56;-134.39;5.12;0.0;0.0;0.0;0.0
-8.54;-134.25;5.14;0.0;0.0;0.0;0.0
-8.52;-134.1;5.16;0.0;0.0;0.0;0.0
-8.49;-133.96;5.17;0.0;0.0;0.0;0.0
-8.47;-133.82;5.19;0.0;0.0;0.0;0.0
-8.44;-133.68;5.2;0.0;0.0;0.0;0.0
-8.42;-133.53;5.23;0.0;0.0;0.0;0.0
-8.41;-133.39;5.23;0.0;0.0;0.0;0.0
-8.37;-133.22;5.25;0.0;0.0;0.0;0.0
-8.35;-133.08;5.27;0.0;0.0;0.0;0.0
-8.34;-132.94;5.28;0.0;0.0;0.0;0.0
-8.32;-132.79;5.29;0.0;0.0;0.0;0.0
-8.3;-132.64;5.31;0.0;0.0;0.0;0.0
-8.28;-132.47;5.33;0.0;0.0;0.0;0.0
-8.27;-132.32;5.33;0.0;0.0;0.0;0.0
-8.25;-132.18;5.36;0.0;0.0;0.0;0.0
-8.24;-132.03;5.36;0.0;0.0;0.0;0.0
-8.22;-131.89;5.37;0.0;0.0;0.0;0.0
-8.21;-131.75;5.37;0.0;0.0;0.0;0.0
-8.19;-131.61;5.39;0.0;0.0;0.0;0.0
-8.18;-131.46;5.4;0.0;0.0;0.0;0.0
-8.17;-131.32;5.41;0.0;0.0;0.0;0.0
-8.16;-131.17;5.42;0.0;0.0;0.0;0.0
-8.14;-131.03;5.43;0.0;0.0;0.0;0.0
-8.13;-130.92;5.44;0.0;0.0;0.0;0.0
-8.12;-130.78;5.44;0.0;0.0;0.0;0.0
-8.11;-130.64;5.46;0.0;0.0;0.0;0.0
-8.1;-130.49;5.46;0.0;0.0;0.0;0.0
-8.09;-130.35;5.47;0.0;0.0;0.0;0.0
-8.11;-130.16;5.47;0.0;0.0;0.0;0.0
-8.07;-130.02;5.48;0.0;0.0;0.0;0.0
-8.06;-129.88;5.49;0.0;0.0;0.0;0.0
-8.05;-129.74;5.5;0.0;0.0;0.0;0.0
-8.04;-129.59;5.51;0.0;0.0;0.0;0.0
-8.03;-129.45;5.52;0.0;0.0;0.0;0.0
-8.01;-129.31;5.53;0.0;0.0;0.0;0.0
-8.01;-129.16;5.53;0.0;0.0;0.0;0.0
-7.99;-129.02;5.55;0.0;0.0;0.0;0.0
-8.0;-128.87;5.55;0.0;0.0;0.0;0.0
-7.99;-128.73;5.57;0.0;0.0;0.0;0.0
-7.91;-128.62;5.54;0.0;0.0;0.0;0.0
-7.82;-128.47;5.43;0.0;0.0;0.0;0.0
-7.25;-128.33;5.25;0.0;0.0;0.0;0.0
-6.43;-128.2;5.17;0.0;0.0;0.0;0.0
-6.86;-128.07;5.21;0.0;0.0;0.0;0.0
-6.86;-127.92;5.37;0.0;0.0;0.0;0.0
-6.68;-127.76;5.24;0.0;0.0;0.0;0.0
-7.07;-127.59;5.0;0.0;0.0;0.0;0.0
-7.27;-127.43;5.1;0.0;0.0;0.0;0.0
-7.22;-127.32;5.33;0.0;0.0;0.0;0.0
-7.25;-127.19;5.38;0.0;0.0;0.0;0.0
-7.35;-127.03;5.43;0.0;0.0;0.0;0.0
-7.31;-126.89;5.49;0.0;0.0;0.0;0.0
-7.26;-126.75;5.53;0.0;0.0;0.0;0.0
-7.26;-126.62;5.65;0.0;0.0;0.0;0.0
-7.3;-126.48;5.85;0.0;0.0;0.0;0.0
-7.35;-126.36;6.11;0.0;0.0;0.0;0.0
-7.4;-126.23;6.2;0.0;0.0;0.0;0.0
-7.42;-126.04;6.16;0.0;0.0;0.0;0.0
-7.38;-125.91;6.28;0.0;0.0;0.0;0.0
-7.44;-125.76;6.26;0.0;0.0;0.0;0.0
-7.45;-125.62;6.26;0.0;0.0;0.0;0.0
-7.31;-125.49;6.29;0.0;0.0;0.0;0.0
-7.23;-125.38;6.46;0.0;0.0;0.0;0.0
-7.2;-125.28;6.56;0.0;0.0;0.0;0.0
-7.26;-125.15;6.61;0.0;0.0;0.0;0.0
-7.33;-125.01;6.67;0.0;0.0;0.0;0.0
-7.4;-124.89;6.78;0.0;0.0;0.0;0.0
-7.47;-124.76;6.85;0.0;0.0;0.0;0.0
-7.51;-124.61;6.83;0.0;0.0;0.0;0.0
-7.56;-124.42;6.69;0.0;0.0;0.0;0.0
-7.61;-124.28;6.7;0.0;0.0;0.0;0.0
-7.64;-124.12;6.63;0.0;0.0;0.0;0.0
-7.7;-123.97;6.54;0.0;0.0;0.0;0.0
-7.72;-123.86;6.59;0.0;0.0;0.0;0.0
-7.7;-123.73;6.69;0.0;0.0;0.0;0.0
-7.68;-123.59;6.76;0.0;0.0;0.0;0.0
-7.68;-123.45;6.84;0.0;0.0;0.0;0.0
-7.68;-123.32;6.92;0.0;0.0;0.0;0.0
-7.68;-123.19;7.03;0.0;0.0;0.0;0.0
-7.68;-123.06;7.16;0.0;0.0;0.0;0.0
-7.66;-122.93;7.25;0.0;0.0;0.0;0.0
-7.6;-122.79;7.22;0.0;0.0;0.0;0.0
-7.56;-122.64;7.15;0.0;0.0;0.0;0.0
-7.55;-122.5;7.13;0.0;0.0;0.0;0.0
-7.59;-122.36;7.15;0.0;0.0;0.0;0.0
-7.62;-122.21;7.19;0.0;0.0;0.0;0.0
-7.61;-122.12;7.25;0.0;0.0;0.0;0.0
-7.59;-122.03;7.31;0.0;0.0;0.0;0.0
-7.55;-121.9;7.37;0.0;0.0;0.0;0.0
-7.53;-121.75;7.38;0.0;0.0;0.0;0.0
-7.51;-121.61;7.33;0.0;0.0;0.0;0.0
-7.51;-121.47;7.3;0.0;0.0;0.0;0.0
-7.53;-121.32;7.29;0.0;0.0;0.0;0.0
-7.53;-121.19;7.32;0.0;0.0;0.0;0.0
-7.56;-121.05;7.38;0.0;0.0;0.0;0.0
-7.58;-120.91;7.43;0.0;0.0;0.0;0.0
-7.61;-120.78;7.45;0.0;0.0;0.0;0.0
-7.61;-120.63;7.43;0.0;0.0;0.0;0.0
-7.6;-120.49;7.38;0.0;0.0;0.0;0.0
-7.61;-120.34;7.35;0.0;0.0;0.0;0.0
-7.61;-120.21;7.41;0.0;0.0;0.0;0.0
-7.65;-120.07;7.38;0.0;0.0;0.0;0.0
-7.69;-119.91;7.31;0.0;0.0;0.0;0.0
-7.69;-119.76;7.23;0.0;0.0;0.0;0.0
-7.68;-119.62;7.21;0.0;0.0;0.0;0.0
-7.66;-119.47;7.06;0.0;0.0;0.0;0.0
-7.61;-119.31;6.96;0.0;0.0;0.0;0.0
-7.59;-119.17;6.98;0.0;0.0;0.0;0.0
-7.63;-119.03;6.97;0.0;0.0;0.0;0.0
-7.66;-118.88;6.98;0.0;0.0;0.0;0.0
-7.69;-118.75;7.0;0.0;0.0;0.0;0.0
-7.7;-118.57;7.03;0.0;0.0;0.0;0.0
-7.69;-118.43;7.06;0.0;0.0;0.0;0.0
-7.68;-118.29;7.02;0.0;0.0;0.0;0.0
-7.71;-118.14;6.98;0.0;0.0;0.0;0.0
-7.78;-117.94;6.84;0.0;0.0;0.0;0.0
-7.69;-117.81;7.07;0.0;0.0;0.0;0.0
-7.62;-117.7;7.28;0.0;0.0;0.0;0.0
-7.65;-117.55;7.19;0.0;0.0;0.0;0.0
-7.66;-117.41;7.24;0.0;0.0;0.0;0.0
-7.72;-117.28;7.34;0.0;0.0;0.0;0.0
-7.77;-117.14;7.37;0.0;0.0;0.0;0.0
-7.74;-116.99;7.37;0.0;0.0;0.0;0.0
-7.67;-116.86;7.5;0.0;0.0;0.0;0.0
-7.6;-116.75;7.85;0.0;0.0;0.0;0.0
-7.57;-116.65;7.93;0.0;0.0;0.0;0.0
-7.52;-116.49;7.59;0.0;0.0;0.0;0.0
-7.58;-116.28;6.89;0.0;0.0;0.0;0.0
-7.6;-116.09;6.32;0.0;0.0;0.0;0.0
-7.59;-115.94;6.45;0.0;0.0;0.0;0.0
-7.57;-115.81;6.54;0.0;0.0;0.0;0.0
-7.59;-115.66;6.42;0.0;0.0;0.0;0.0
-7.58;-115.52;6.49;0.0;0.0;0.0;0.0
-7.58;-115.38;6.45;0.0;0.0;0.0;0.0
-7.58;-115.23;6.46;0.0;0.0;0.0;0.0
-7.58;-115.09;6.45;0.0;0.0;0.0;0.0
-7.58;-114.95;6.45;0.0;0.0;0.0;0.0
-7.58;-114.8;6.45;0.0;0.0;0.0;0.0
-7.58;-114.66;6.45;0.0;0.0;0.0;0.0
-7.57;-114.48;6.45;0.0;0.0;0.0;0.0
-7.57;-114.34;6.45;0.0;0.0;0.0;0.0
-7.57;-114.19;6.45;0.0;0.0;0.0;0.0
-7.57;-114.05;6.44;0.0;0.0;0.0;0.0
-7.57;-113.91;6.43;0.0;0.0;0.0;0.0
-7.58;-113.8;6.44;0.0;0.0;0.0;0.0
-7.57;-113.65;6.43;0.0;0.0;0.0;0.0
-7.58;-113.51;6.44;0.0;0.0;0.0;0.0
-7.58;-112.54;6.43;0.0;0.0;0.0;0.0
-7.58;-112.4;6.44;0.0;0.0;0.0;0.0
-7.58;-112.26;6.44;0.0;0.0;0.0;0.0
-7.58;-112.12;6.43;0.0;0.0;0.0;0.0
-7.58;-111.98;6.44;0.0;0.0;0.0;0.0
-7.57;-111.8;6.43;0.0;0.0;0.0;0.0
-7.58;-111.66;6.44;0.0;0.0;0.0;0.0
-7.58;-111.51;6.42;0.0;0.0;0.0;0.0
-7.56;-111.37;6.43;0.0;0.0;0.0;0.0
-7.58;-111.23;6.43;0.0;0.0;0.0;0.0
-7.57;-111.09;6.44;0.0;0.0;0.0;0.0
-7.57;-110.94;6.42;0.0;0.0;0.0;0.0
-7.57;-110.76;6.43;0.0;0.0;0.0;0.0
-7.57;-110.65;6.43;0.0;0.0;0.0;0.0
-7.57;-110.48;6.43;0.0;0.0;0.0;0.0
-7.58;-110.33;6.44;0.0;0.0;0.0;0.0
-7.56;-110.19;6.42;0.0;0.0;0.0;0.0
-7.58;-110.04;6.43;0.0;0.0;0.0;0.0
-7.58;-109.9;6.42;0.0;0.0;0.0;0.0
-7.57;-109.76;6.43;0.0;0.0;0.0;0.0
-7.57;-109.61;6.41;0.0;0.0;0.0;0.0
-7.57;-109.47;6.4;0.0;0.0;0.0;0.0
-7.57;-109.29;6.41;0.0;0.0;0.0;0.0
-7.58;-109.14;6.4;0.0;0.0;0.0;0.0
-7.57;-109.01;6.42;0.0;0.0;0.0;0.0
-7.58;-108.86;6.41;0.0;0.0;0.0;0.0
-7.57;-108.68;6.42;0.0;0.0;0.0;0.0
-7.57;-108.53;6.41;0.0;0.0;0.0;0.0
-7.57;-108.39;6.41;0.0;0.0;0.0;0.0
-7.57;-108.25;6.41;0.0;0.0;0.0;0.0
-7.57;-108.11;6.41;0.0;0.0;0.0;0.0
-7.58;-107.92;6.41;0.0;0.0;0.0;0.0
-7.57;-107.78;6.42;0.0;0.0;0.0;0.0
-7.56;-107.64;6.41;0.0;0.0;0.0;0.0
-7.57;-107.49;6.41;0.0;0.0;0.0;0.0
-7.56;-107.36;6.41;0.0;0.0;0.0;0.0
-7.57;-107.24;6.42;0.0;0.0;0.0;0.0
-7.56;-107.06;6.42;0.0;0.0;0.0;0.0
-7.56;-106.92;6.42;0.0;0.0;0.0;0.0
-7.57;-106.74;6.41;0.0;0.0;0.0;0.0
-7.57;-106.6;6.42;0.0;0.0;0.0;0.0
-7.56;-106.45;6.42;0.0;0.0;0.0;0.0
-7.57;-106.32;6.42;0.0;0.0;0.0;0.0
-7.57;-106.17;6.42;0.0;0.0;0.0;0.0
-7.58;-106.02;6.42;0.0;0.0;0.0;0.0
-7.56;-105.87;6.41;0.0;0.0;0.0;0.0
-7.62;-105.73;6.37;0.0;0.0;0.0;0.0
-7.59;-105.59;6.36;0.0;0.0;0.0;0.0
-7.58;-105.44;6.37;0.0;0.0;0.0;0.0
-7.57;-105.31;6.42;0.0;0.0;0.0;0.0
-7.57;-105.16;6.39;0.0;0.0;0.0;0.0
-7.58;-104.98;6.41;0.0;0.0;0.0;0.0
-7.58;-104.84;6.39;0.0;0.0;0.0;0.0
-7.57;-104.7;6.41;0.0;0.0;0.0;0.0
-7.58;-104.58;6.39;0.0;0.0;0.0;0.0
-7.59;-104.4;6.41;0.0;0.0;0.0;0.0
-7.59;-104.25;6.41;0.0;0.0;0.0;0.0
-7.6;-104.11;6.42;0.0;0.0;0.0;0.0
-7.56;-103.96;6.42;0.0;0.0;0.0;0.0
-7.58;-103.79;6.41;0.0;0.0;0.0;0.0
-7.57;-103.64;6.41;0.0;0.0;0.0;0.0
-7.62;-103.49;6.41;0.0;0.0;0.0;0.0
-7.62;-103.34;6.44;0.0;0.0;0.0;0.0
-7.59;-103.2;6.42;0.0;0.0;0.0;0.0
-7.6;-103.05;6.37;0.0;0.0;0.0;0.0
-7.64;-102.91;6.34;0.0;0.0;0.0;0.0
-7.7;-102.75;6.24;0.0;0.0;0.0;0.0
-7.69;-102.6;6.27;0.0;0.0;0.0;0.0
-7.67;-102.42;6.29;0.0;0.0;0.0;0.0
-7.69;-102.28;6.27;0.0;0.0;0.0;0.0
-7.68;-102.13;6.28;0.0;0.0;0.0;0.0
-7.67;-101.97;6.29;0.0;0.0;0.0;0.0
-7.64;-101.82;6.45;0.0;0.0;0.0;0.0
-7.68;-101.68;6.42;0.0;0.0;0.0;0.0
-7.69;-101.53;6.21;0.0;0.0;0.0;0.0
-7.75;-101.34;6.18;0.0;0.0;0.0;0.0
-7.74;-101.2;6.18;0.0;0.0;0.0;0.0
-7.75;-101.05;6.18;0.0;0.0;0.0;0.0
-7.73;-100.87;6.2;0.0;0.0;0.0;0.0
-7.71;-100.73;6.25;0.0;0.0;0.0;0.0
-7.64;-100.6;6.29;0.0;0.0;0.0;0.0
-7.6;-100.46;6.33;0.0;0.0;0.0;0.0
-7.53;-100.32;6.41;0.0;0.0;0.0;0.0
-7.56;-100.15;6.37;0.0;0.0;0.0;0.0
-7.62;-99.99;6.25;0.0;0.0;0.0;0.0
-7.72;-99.81;6.08;0.0;0.0;0.0;0.0
-7.75;-99.66;5.99;0.0;0.0;0.0;0.0
-7.76;-99.52;5.92;0.0;0.0;0.0;0.0
-7.78;-99.37;5.89;0.0;0.0;0.0;0.0
-7.8;-99.19;5.85;0.0;0.0;0.0;0.0
-7.82;-99.04;5.79;0.0;0.0;0.0;0.0
-7.81;-98.89;5.78;0.0;0.0;0.0;0.0
-7.8;-98.72;5.8;0.0;0.0;0.0;0.0
-7.8;-98.57;5.8;0.0;0.0;0.0;0.0
-7.8;-98.42;5.81;0.0;0.0;0.0;0.0
-7.8;-98.28;5.8;0.0;0.0;0.0;0.0
-7.79;-98.13;5.81;0.0;0.0;0.0;0.0
-7.8;-97.99;5.81;0.0;0.0;0.0;0.0
-7.79;-97.8;5.82;0.0;0.0;0.0;0.0
-7.79;-97.66;5.84;0.0;0.0;0.0;0.0
-7.79;-97.51;5.86;0.0;0.0;0.0;0.0
-7.78;-97.36;5.86;0.0;0.0;0.0;0.0
-7.78;-97.22;5.86;0.0;0.0;0.0;0.0
-7.78;-97.07;5.86;0.0;0.0;0.0;0.0
-7.76;-96.92;5.9;0.0;0.0;0.0;0.0
-7.7;-96.73;6.06;0.0;0.0;0.0;0.0
-7.66;-96.55;6.43;0.0;0.0;0.0;0.0
-7.63;-96.44;6.45;0.0;0.0;0.0;0.0
-7.66;-96.3;6.18;0.0;0.0;0.0;0.0
-7.65;-96.16;6.21;0.0;0.0;0.0;0.0
-7.63;-96.02;6.24;0.0;0.0;0.0;0.0
-7.64;-95.87;6.19;0.0;0.0;0.0;0.0
-7.63;-95.73;6.25;0.0;0.0;0.0;0.0
-7.63;-95.54;6.22;0.0;0.0;0.0;0.0
-7.63;-95.4;6.24;0.0;0.0;0.0;0.0
-7.63;-95.25;6.23;0.0;0.0;0.0;0.0
-7.63;-95.1;6.24;0.0;0.0;0.0;0.0
-7.62;-94.96;6.24;0.0;0.0;0.0;0.0
-7.63;-94.82;6.24;0.0;0.0;0.0;0.0
-7.64;-94.67;6.23;0.0;0.0;0.0;0.0
-7.62;-94.52;6.22;0.0;0.0;0.0;0.0
-7.63;-94.39;6.23;0.0;0.0;0.0;0.0
-7.62;-94.27;6.22;0.0;0.0;0.0;0.0
-7.62;-94.13;6.23;0.0;0.0;0.0;0.0
-7.62;-93.99;6.23;0.0;0.0;0.0;0.0
-7.62;-93.83;6.23;0.0;0.0;0.0;0.0
-7.63;-93.66;6.23;0.0;0.0;0.0;0.0
-7.63;-93.51;6.24;0.0;0.0;0.0;0.0
-7.63;-93.37;6.23;0.0;0.0;0.0;0.0
-7.62;-93.23;6.24;0.0;0.0;0.0;0.0
-7.63;-93.08;6.23;0.0;0.0;0.0;0.0
-7.62;-92.97;6.23;0.0;0.0;0.0;0.0
-7.62;-92.83;6.23;0.0;0.0;0.0;0.0
-7.63;-92.68;6.23;0.0;0.0;0.0;0.0
-7.62;-92.54;6.23;0.0;0.0;0.0;0.0
-7.62;-92.39;6.24;0.0;0.0;0.0;0.0
-7.63;-92.25;6.24;0.0;0.0;0.0;0.0
-7.62;-92.1;6.24;0.0;0.0;0.0;0.0
-7.62;-91.92;6.24;0.0;0.0;0.0;0.0
-7.62;-91.78;6.24;0.0;0.0;0.0;0.0
-7.62;-91.63;6.24;0.0;0.0;0.0;0.0
-7.61;-91.48;6.23;0.0;0.0;0.0;0.0
-7.61;-91.34;6.24;0.0;0.0;0.0;0.0
-7.62;-91.19;6.23;0.0;0.0;0.0;0.0
-7.62;-91.01;6.23;0.0;0.0;0.0;0.0
-7.62;-90.87;6.23;0.0;0.0;0.0;0.0
-7.61;-90.73;6.22;0.0;0.0;0.0;0.0
-7.61;-90.58;6.24;0.0;0.0;0.0;0.0
-7.62;-90.39;6.22;0.0;0.0;0.0;0.0
-7.62;-90.25;6.24;0.0;0.0;0.0;0.0
-7.62;-90.1;6.22;0.0;0.0;0.0;0.0
-7.62;-89.93;6.24;0.0;0.0;0.0;0.0
-7.62;-89.79;6.23;0.0;0.0;0.0;0.0
-7.61;-89.64;6.24;0.0;0.0;0.0;0.0
-7.62;-89.49;6.23;0.0;0.0;0.0;0.0
-7.62;-89.38;6.24;0.0;0.0;0.0;0.0
-7.62;-89.24;6.23;0.0;0.0;0.0;0.0
-7.63;-89.06;6.24;0.0;0.0;0.0;0.0
-7.62;-88.91;6.23;0.0;0.0;0.0;0.0
-7.62;-88.73;6.23;0.0;0.0;0.0;0.0
-7.62;-88.58;6.24;0.0;0.0;0.0;0.0
-7.62;-88.44;6.24;0.0;0.0;0.0;0.0
-7.62;-88.29;6.24;0.0;0.0;0.0;0.0
-7.62;-88.15;6.24;0.0;0.0;0.0;0.0
-7.62;-88.0;6.24;0.0;0.0;0.0;0.0
-7.62;-87.83;6.24;0.0;0.0;0.0;0.0
-7.62;-87.67;6.24;0.0;0.0;0.0;0.0
-7.62;-87.53;6.24;0.0;0.0;0.0;0.0
-7.63;-87.39;6.23;0.0;0.0;0.0;0.0
-7.62;-87.25;6.23;0.0;0.0;0.0;0.0
-7.62;-87.1;6.22;0.0;0.0;0.0;0.0
-7.63;-86.95;6.23;0.0;0.0;0.0;0.0
-7.62;-86.81;6.23;0.0;0.0;0.0;0.0
-7.62;-86.66;6.23;0.0;0.0;0.0;0.0
-7.62;-86.52;6.22;0.0;0.0;0.0;0.0
-7.63;-86.38;6.22;0.0;0.0;0.0;0.0
-7.62;-86.2;6.22;0.0;0.0;0.0;0.0
-7.62;-86.05;6.22;0.0;0.0;0.0;0.0
-7.62;-85.9;6.21;0.0;0.0;0.0;0.0
-7.63;-85.8;6.21;0.0;0.0;0.0;0.0
-7.62;-85.61;6.21;0.0;0.0;0.0;0.0
-7.63;-85.47;6.21;0.0;0.0;0.0;0.0
-7.63;-85.28;6.22;0.0;0.0;0.0;0.0
-7.62;-85.14;6.22;0.0;0.0;0.0;0.0
-7.62;-84.96;6.22;0.0;0.0;0.0;0.0
-7.62;-84.81;6.22;0.0;0.0;0.0;0.0
-7.62;-84.66;6.22;0.0;0.0;0.0;0.0
-7.62;-84.49;6.22;0.0;0.0;0.0;0.0
-7.63;-84.34;6.22;0.0;0.0;0.0;0.0
-7.61;-84.19;6.22;0.0;0.0;0.0;0.0
-7.63;-84.04;6.22;0.0;0.0;0.0;0.0
-7.62;-83.86;6.23;0.0;0.0;0.0;0.0
-7.62;-83.72;6.22;0.0;0.0;0.0;0.0
-7.63;-83.57;6.23;0.0;0.0;0.0;0.0
-7.63;-83.39;6.22;0.0;0.0;0.0;0.0
-7.62;-83.25;6.22;0.0;0.0;0.0;0.0
-7.62;-83.1;6.22;0.0;0.0;0.0;0.0
-7.62;-82.92;6.22;0.0;0.0;0.0;0.0
-7.62;-82.77;6.22;0.0;0.0;0.0;0.0
-7.62;-82.63;6.23;0.0;0.0;0.0;0.0
-7.62;-82.45;6.22;0.0;0.0;0.0;0.0
-7.62;-82.3;6.22;0.0;0.0;0.0;0.0
-7.62;-82.19;6.22;0.0;0.0;0.0;0.0
-7.62;-82.01;6.22;0.0;0.0;0.0;0.0
-7.61;-81.87;6.22;0.0;0.0;0.0;0.0
-7.62;-81.72;6.21;0.0;0.0;0.0;0.0
-7.62;-81.58;6.22;0.0;0.0;0.0;0.0
-7.61;-81.43;6.22;0.0;0.0;0.0;0.0
-7.61;-81.29;6.22;0.0;0.0;0.0;0.0
-7.62;-81.1;6.22;0.0;0.0;0.0;0.0
-7.61;-80.96;6.22;0.0;0.0;0.0;0.0
-7.61;-80.81;6.22;0.0;0.0;0.0;0.0
-7.62;-80.67;6.22;0.0;0.0;0.0;0.0
-7.61;-80.51;6.21;0.0;0.0;0.0;0.0
-7.62;-80.37;6.22;0.0;0.0;0.0;0.0
-7.62;-80.19;6.21;0.0;0.0;0.0;0.0
-7.61;-80.04;6.22;0.0;0.0;0.0;0.0
-7.62;-79.9;6.22;0.0;0.0;0.0;0.0
-7.61;-79.75;6.22;0.0;0.0;0.0;0.0
-7.61;-79.6;6.22;0.0;0.0;0.0;0.0
-7.62;-79.46;6.22;0.0;0.0;0.0;0.0
-7.61;-79.31;6.22;0.0;0.0;0.0;0.0
-7.61;-79.16;6.23;0.0;0.0;0.0;0.0
-7.62;-78.98;6.23;0.0;0.0;0.0;0.0
-7.62;-78.84;6.25;0.0;0.0;0.0;0.0
-7.62;-78.69;6.24;0.0;0.0;0.0;0.0
-7.62;-78.58;6.25;0.0;0.0;0.0;0.0
-7.62;-78.4;6.24;0.0;0.0;0.0;0.0
-7.61;-78.24;6.25;0.0;0.0;0.0;0.0
-7.62;-78.11;6.25;0.0;0.0;0.0;0.0
-7.62;-77.95;6.25;0.0;0.0;0.0;0.0
-7.62;-77.82;6.24;0.0;0.0;0.0;0.0
-7.62;-77.67;6.25;0.0;0.0;0.0;0.0
-7.62;-77.52;6.24;0.0;0.0;0.0;0.0
-7.62;-77.38;6.25;0.0;0.0;0.0;0.0
-7.62;-77.23;6.25;0.0;0.0;0.0;0.0
-7.61;-77.05;6.25;0.0;0.0;0.0;0.0
-7.61;-76.9;6.25;0.0;0.0;0.0;0.0
-7.62;-76.75;6.25;0.0;0.0;0.0;0.0
-7.61;-76.57;6.24;0.0;0.0;0.0;0.0
-7.61;-76.42;6.24;0.0;0.0;0.0;0.0
-7.62;-76.28;6.24;0.0;0.0;0.0;0.0
-7.62;-76.13;6.24;0.0;0.0;0.0;0.0
-7.62;-75.95;6.24;0.0;0.0;0.0;0.0
-7.62;-75.8;6.24;0.0;0.0;0.0;0.0
-7.62;-75.65;6.24;0.0;0.0;0.0;0.0
-7.62;-75.51;6.24;0.0;0.0;0.0;0.0
-7.62;-75.36;6.24;0.0;0.0;0.0;0.0
-7.62;-75.22;6.24;0.0;0.0;0.0;0.0
-7.61;-75.07;6.24;0.0;0.0;0.0;0.0
-7.61;-74.93;6.24;0.0;0.0;0.0;0.0
-7.61;-74.78;6.24;0.0;0.0;0.0;0.0
-7.61;-74.64;6.24;0.0;0.0;0.0;0.0
-7.61;-74.49;6.24;0.0;0.0;0.0;0.0
-7.61;-74.35;6.24;0.0;0.0;0.0;0.0
-7.61;-74.19;6.24;0.0;0.0;0.0;0.0
-7.61;-74.05;6.24;0.0;0.0;0.0;0.0
-7.61;-73.91;6.24;0.0;0.0;0.0;0.0
-7.61;-73.76;6.24;0.0;0.0;0.0;0.0
-7.61;-73.61;6.24;0.0;0.0;0.0;0.0
-7.61;-73.46;6.23;0.0;0.0;0.0;0.0
-7.61;-73.32;6.24;0.0;0.0;0.0;0.0
-7.61;-73.18;6.23;0.0;0.0;0.0;0.0
-7.61;-72.99;6.23;0.0;0.0;0.0;0.0
-7.61;-72.84;6.23;0.0;0.0;0.0;0.0
-7.61;-72.7;6.23;0.0;0.0;0.0;0.0
-7.61;-72.54;6.23;0.0;0.0;0.0;0.0
-7.61;-72.4;6.23;0.0;0.0;0.0;0.0
-7.62;-72.25;6.23;0.0;0.0;0.0;0.0
-7.61;-72.11;6.24;0.0;0.0;0.0;0.0
-7.62;-72.0;6.23;0.0;0.0;0.0;0.0
-7.62;-71.86;6.23;0.0;0.0;0.0;0.0
-7.61;-70.87;6.24;0.0;0.0;0.0;0.0
-7.61;-70.69;6.24;0.0;0.0;0.0;0.0
-7.61;-70.57;6.24;0.0;0.0;0.0;0.0
-7.61;-70.43;6.24;0.0;0.0;0.0;0.0
-7.61;-70.28;6.24;0.0;0.0;0.0;0.0
-7.61;-70.13;6.24;0.0;0.0;0.0;0.0
-7.61;-69.95;6.24;0.0;0.0;0.0;0.0
-7.61;-69.8;6.24;0.0;0.0;0.0;0.0
-7.61;-69.65;6.24;0.0;0.0;0.0;0.0
-7.61;-69.5;6.24;0.0;0.0;0.0;0.0
-7.61;-69.32;6.24;0.0;0.0;0.0;0.0
-7.61;-69.17;6.24;0.0;0.0;0.0;0.0
-7.61;-69.03;6.24;0.0;0.0;0.0;0.0
-7.61;-68.85;6.24;0.0;0.0;0.0;0.0
-7.61;-68.7;6.24;0.0;0.0;0.0;0.0
-7.61;-68.56;6.24;0.0;0.0;0.0;0.0
-7.61;-68.41;6.24;0.0;0.0;0.0;0.0
-7.56;-68.35;6.11;0.0;0.0;0.0;0.0
-7.49;-68.34;5.92;0.0;0.0;0.0;0.0
-7.43;-68.33;5.75;0.0;0.0;0.0;0.0
-7.36;-68.31;5.58;0.0;0.0;0.0;0.0
-7.3;-68.3;5.42;0.0;0.0;0.0;0.0
-7.24;-68.28;5.26;0.0;0.0;0.0;0.0
-7.18;-68.28;5.1;0.0;0.0;0.0;0.0
-7.13;-68.26;4.95;0.0;0.0;0.0;0.0
-7.07;-68.25;4.81;0.0;0.0;0.0;0.0
-7.02;-68.24;4.66;0.0;0.0;0.0;0.0
-6.97;-68.22;4.53;0.0;0.0;0.0;0.0
-6.92;-68.22;4.39;0.0;0.0;0.0;0.0
-6.86;-68.2;4.23;0.0;0.0;0.0;0.0
-6.8;-68.19;4.07;0.0;0.0;0.0;0.0
-6.75;-68.17;3.96;0.0;0.0;0.0;0.0
-6.71;-68.17;3.83;0.0;0.0;0.0;0.0
-6.66;-68.16;3.72;0.0;0.0;0.0;0.0
-6.62;-68.15;3.62;0.0;0.0;0.0;0.0
-6.58;-68.14;3.5;0.0;0.0;0.0;0.0
-6.54;-68.13;3.4;0.0;0.0;0.0;0.0
-6.49;-68.12;3.27;0.0;0.0;0.0;0.0
-6.45;-68.11;3.17;0.0;0.0;0.0;0.0
-6.4;-68.1;3.06;0.0;0.0;0.0;0.0
-6.37;-68.09;2.96;0.0;0.0;0.0;0.0
-6.34;-68.09;2.87;0.0;0.0;0.0;0.0
-6.31;-68.08;2.79;0.0;0.0;0.0;0.0
-6.28;-68.07;2.7;0.0;0.0;0.0;0.0
-6.24;-68.06;2.62;0.0;0.0;0.0;0.0
-6.21;-68.05;2.54;0.0;0.0;0.0;0.0
-6.19;-68.05;2.46;0.0;0.0;0.0;0.0
-6.15;-68.04;2.37;0.0;0.0;0.0;0.0
-6.12;-68.03;2.3;0.0;0.0;0.0;0.0
-6.09;-68.03;2.21;0.0;0.0;0.0;0.0
-6.07;-68.02;2.15;0.0;0.0;0.0;0.0
-6.03;-68.01;2.06;0.0;0.0;0.0;0.0
-6.01;-68.01;2.0;0.0;0.0;0.0;0.0
-5.98;-68.0;1.94;0.0;0.0;0.0;0.0
-5.96;-68.0;1.87;0.0;0.0;0.0;0.0
-5.94;-67.99;1.82;0.0;0.0;0.0;0.0
-5.92;-67.99;1.76;0.0;0.0;0.0;0.0
-5.89;-67.98;1.71;0.0;0.0;0.0;0.0
-5.87;-67.98;1.65;0.0;0.0;0.0;0.0
-5.85;-67.98;1.6;0.0;0.0;0.0;0.0
-5.83;-67.97;1.56;0.0;0.0;0.0;0.0
-5.81;-67.97;1.51;0.0;0.0;0.0;0.0
-5.79;-67.97;1.45;0.0;0.0;0.0;0.0
-5.77;-67.96;1.41;0.0;0.0;0.0;0.0
-5.76;-67.95;1.36;0.0;0.0;0.0;0.0
-5.74;-67.95;1.32;0.0;0.0;0.0;0.0
-5.71;-67.94;1.27;0.0;0.0;0.0;0.0
-5.7;-67.94;1.22;0.0;0.0;0.0;0.0
-5.69;-67.94;1.17;0.0;0.0;0.0;0.0
-5.67;-67.93;1.12;0.0;0.0;0.0;0.0
-5.65;-67.93;1.08;0.0;0.0;0.0;0.0
-5.63;-67.93;1.04;0.0;0.0;0.0;0.0
-5.62;-67.92;1.01;0.0;0.0;0.0;0.0
-5.61;-67.92;0.98;0.0;0.0;0.0;0.0
-5.6;-67.91;0.95;0.0;0.0;0.0;0.0
-5.59;-67.91;0.92;0.0;0.0;0.0;0.0
-5.58;-67.91;0.89;0.0;0.0;0.0;0.0
-5.57;-67.9;0.86;0.0;0.0;0.0;0.0
-5.55;-67.9;0.83;0.0;0.0;0.0;0.0
-5.54;-67.9;0.8;0.0;0.0;0.0;0.0
-5.54;-67.9;0.77;0.0;0.0;0.0;0.0
-5.52;-67.9;0.73;0.0;0.0;0.0;0.0
-5.51;-67.89;0.71;0.0;0.0;0.0;0.0
-5.5;-67.89;0.68;0.0;0.0;0.0;0.0
-5.49;-67.89;0.65;0.0;0.0;0.0;0.0
-5.48;-67.89;0.63;0.0;0.0;0.0;0.0
-5.48;-67.89;0.61;0.0;0.0;0.0;0.0
-5.47;-67.89;0.59;0.0;0.0;0.0;0.0
-5.47;-67.89;0.57;0.0;0.0;0.0;0.0
-5.45;-67.89;0.54;0.0;0.0;0.0;0.0
-5.45;-67.88;0.52;0.0;0.0;0.0;0.0
-5.44;-67.88;0.5;0.0;0.0;0.0;0.0
-5.43;-67.87;0.48;0.0;0.0;0.0;0.0
-5.42;-67.87;0.46;0.0;0.0;0.0;0.0
-5.42;-67.87;0.44;0.0;0.0;0.0;0.0
-5.41;-67.87;0.41;0.0;0.0;0.0;0.0
-5.41;-67.87;0.39;0.0;0.0;0.0;0.0
-5.4;-67.87;0.38;0.0;0.0;0.0;0.0
-5.4;-67.87;0.36;0.0;0.0;0.0;0.0
-5.39;-67.87;0.35;0.0;0.0;0.0;0.0
-5.38;-67.87;0.33;0.0;0.0;0.0;0.0
-5.38;-67.87;0.31;0.0;0.0;0.0;0.0
-5.36;-67.87;0.31;0.0;0.0;0.0;0.0
-5.36;-67.87;0.3;0.0;0.0;0.0;0.0
-5.36;-67.87;0.28;0.0;0.0;0.0;0.0
-5.35;-67.87;0.26;0.0;0.0;0.0;0.0
-5.34;-67.86;0.26;0.0;0.0;0.0;0.0
-5.34;-67.86;0.25;0.0;0.0;0.0;0.0
-5.33;-67.86;0.23;0.0;0.0;0.0;0.0
-5.33;-67.86;0.22;0.0;0.0;0.0;0.0
-5.32;-67.86;0.21;0.0;0.0;0.0;0.0
-5.31;-67.86;0.2;0.0;0.0;0.0;0.0
-5.31;-67.86;0.19;0.0;0.0;0.0;0.0
-5.31;-67.86;0.18;0.0;0.0;0.0;0.0
-5.31;-67.86;0.17;0.0;0.0;0.0;0.0
-5.3;-67.86;0.16;0.0;0.0;0.0;0.0
-5.3;-67.86;0.15;0.0;0.0;0.0;0.0
-5.29;-67.86;0.14;0.0;0.0;0.0;0.0
-5.29;-67.86;0.12;0.0;0.0;0.0;0.0
-5.28;-67.86;0.13;0.0;0.0;0.0;0.0
-5.28;-67.86;0.12;0.0;0.0;0.0;0.0
-5.28;-67.86;0.11;0.0;0.0;0.0;0.0
-5.27;-67.86;0.1;0.0;0.0;0.0;0.0
-5.27;-67.86;0.09;0.0;0.0;0.0;0.0
-5.27;-67.86;0.07;0.0;0.0;0.0;0.0
-5.27;-67.86;0.09;0.0;0.0;0.0;0.0
-5.27;-67.86;0.06;0.0;0.0;0.0;0.0
-5.26;-67.86;0.06;0.0;0.0;0.0;0.0
-5.26;-67.86;0.05;0.0;0.0;0.0;0.0
-5.25;-67.86;0.05;0.0;0.0;0.0;0.0
-5.25;-67.86;0.03;0.0;0.0;0.0;0.0
-5.25;-67.86;0.04;0.0;0.0;0.0;0.0
-5.25;-67.86;0.03;0.0;0.0;0.0;0.0
-5.24;-67.86;0.02;0.0;0.0;0.0;0.0
-5.24;-67.86;0.02;0.0;0.0;0.0;0.0
-5.24;-67.86;0.01;0.0;0.0;0.0;0.0
-5.24;-67.85;-0.0;0.0;0.0;0.0;0.0
-5.23;-67.86;0.01;0.0;0.0;0.0;0.0
-5.24;-67.85;-0.0;0.0;0.0;0.0;0.0
-5.23;-67.85;0.0;0.0;0.0;0.0;0.0
-5.24;-67.85;-0.02;0.0;0.0;0.0;0.0
-5.22;-67.85;-0.02;0.0;0.0;0.0;0.0
-5.22;-67.85;-0.02;0.0;0.0;0.0;0.0
-5.22;-67.85;-0.03;0.0;0.0;0.0;0.0
-5.22;-67.85;-0.02;0.0;0.0;0.0;0.0
-5.22;-67.85;-0.03;0.0;0.0;0.0;0.0
-5.23;-67.85;-0.04;0.0;0.0;0.0;0.0
-5.21;-67.85;-0.05;0.0;0.0;0.0;0.0
-5.21;-67.85;-0.03;0.0;0.0;0.0;0.0
-5.21;-67.85;-0.05;0.0;0.0;0.0;0.0
-5.2;-67.85;-0.04;0.0;0.0;0.0;0.0
-5.21;-67.85;-0.05;0.0;0.0;0.0;0.0
-5.21;-67.85;-0.05;0.0;0.0;0.0;0.0
-5.21;-67.85;-0.07;0.0;0.0;0.0;0.0
-5.21;-67.85;-0.08;0.0;0.0;0.0;0.0
-5.2;-67.86;-0.07;0.0;0.0;0.0;0.0
-5.21;-67.85;-0.08;0.0;0.0;0.0;0.0
-5.2;-67.86;-0.07;0.0;0.0;0.0;0.0
-5.21;-67.85;-0.08;0.0;0.0;0.0;0.0
-5.2;-67.86;-0.07;0.0;0.0;0.0;0.0
-5.2;-67.85;-0.09;0.0;0.0;0.0;0.0
-5.21;-67.85;-0.08;0.0;0.0;0.0;0.0
-5.2;-67.85;-0.08;0.0;0.0;0.0;0.0
-5.2;-67.85;-0.09;0.0;0.0;0.0;0.0
-5.2;-67.85;-0.09;0.0;0.0;0.0;0.0
-5.2;-67.85;-0.09;0.0;0.0;0.0;0.0
-5.2;-67.85;-0.09;0.0;0.0;0.0;0.0
-5.2;-67.85;-0.1;0.0;0.0;0.0;0.0
-5.2;-67.85;-0.1;0.0;0.0;0.0;0.0
-5.2;-67.85;-0.09;0.0;0.0;0.0;0.0
-5.2;-67.85;-0.1;0.0;0.0;0.0;0.0
-5.2;-67.85;-0.1;0.0;0.0;0.0;0.0
-5.19;-67.85;-0.11;0.0;0.0;0.0;0.0
-5.2;-67.85;-0.1;0.0;0.0;0.0;0.0
-5.19;-67.85;-0.11;0.0;0.0;0.0;0.0
-5.19;-67.85;-0.1;0.0;0.0;0.0;0.0
-5.19;-67.85;-0.11;0.0;0.0;0.0;0.0
-5.18;-67.85;-0.11;0.0;0.0;0.0;0.0
-5.2;-67.85;-0.12;0.0;0.0;0.0;0.0
-5.19;-67.85;-0.11;0.0;0.0;0.0;0.0
-5.19;-67.85;-0.11;0.0;0.0;0.0;0.0
-5.2;-67.85;-0.12;0.0;0.0;0.0;0.0
-5.19;-67.85;-0.13;0.0;0.0;0.0;0.0
-5.19;-67.85;-0.12;0.0;0.0;0.0;0.0
-5.19;-67.85;-0.11;0.0;0.0;0.0;0.0
-5.19;-67.85;-0.12;0.0;0.0;0.0;0.0
-5.19;-67.85;-0.13;0.0;0.0;0.0;0.0
-5.19;-67.85;-0.13;0.0;0.0;0.0;0.0
-5.19;-67.85;-0.12;0.0;0.0;0.0;0.0
-5.18;-67.85;-0.13;0.0;0.0;0.0;0.0
-5.19;-67.85;-0.12;0.0;0.0;0.0;0.0
-5.18;-67.85;-0.13;0.0;0.0;0.0;0.0
-5.18;-67.85;-0.13;0.0;0.0;0.0;0.0
-5.18;-67.85;-0.13;0.0;0.0;0.0;0.0
-5.18;-67.85;-0.13;0.0;0.0;0.0;0.0
-5.18;-67.85;-0.13;0.0;0.0;0.0;0.0
-5.18;-67.85;-0.13;0.0;0.0;0.0;0.0
-5.18;-67.85;-0.13;0.0;0.0;0.0;0.0
-5.18;-67.85;-0.13;0.0;0.0;0.0;0.0
-5.19;-67.85;-0.13;0.0;0.0;0.0;0.0
-5.18;-67.85;-0.13;0.0;0.0;0.0;0.0
-5.18;-67.85;-0.13;0.0;0.0;0.0;0.0
-5.18;-67.85;-0.13;0.0;0.0;0.0;0.0
-5.18;-67.85;-0.13;0.0;0.0;0.0;0.0
-5.19;-67.85;-0.13;0.0;0.0;0.0;0.0
-5.18;-67.85;-0.13;0.0;0.0;0.0;0.0
-5.18;-67.85;-0.14;0.0;0.0;0.0;0.0
-5.18;-67.85;-0.13;0.0;0.0;0.0;0.0
-5.18;-67.85;-0.14;0.0;0.0;0.0;0.0
-5.18;-67.85;-0.13;0.0;0.0;0.0;0.0
-5.18;-67.85;-0.13;0.0;0.0;0.0;0.0
-5.18;-67.85;-0.14;0.0;0.0;0.0;0.0
-5.18;-67.85;-0.14;0.0;0.0;0.0;0.0
-5.18;-67.85;-0.14;0.0;0.0;0.0;0.0
-5.18;-67.85;-0.14;0.0;0.0;0.0;0.0
-5.18;-67.85;-0.13;0.0;0.0;0.0;0.0
-5.18;-67.85;-0.14;0.0;0.0;0.0;0.0
-5.18;-67.85;-0.13;0.0;0.0;0.0;0.0
-5.18;-67.85;-0.13;0.0;0.0;0.0;0.0
-5.18;-67.85;-0.13;0.0;0.0;0.0;0.0
-5.18;-67.85;-0.13;0.0;0.0;0.0;0.0
-5.18;-67.85;-0.13;0.0;0.0;0.0;0.0
-5.17;-67.85;-0.13;0.0;0.0;0.0;0.0
-5.18;-67.85;-0.14;0.0;0.0;0.0;0.0
-5.17;-67.85;-0.13;0.0;0.0;0.0;0.0
-5.18;-67.85;-0.13;0.0;0.0;0.0;0.0
-5.17;-67.85;-0.13;0.0;0.0;0.0;0.0
-5.17;-67.85;-0.13;0.0;0.0;0.0;0.0
-5.17;-67.85;-0.13;0.0;0.0;0.0;0.0
-5.17;-67.85;-0.13;0.0;0.0;0.0;0.0
-5.18;-67.85;-0.13;0.0;0.0;0.0;0.0
-5.18;-67.85;-0.14;0.0;0.0;0.0;0.0
-5.18;-67.85;-0.14;0.0;0.0;0.0;0.0
-5.18;-67.85;-0.14;0.0;0.0;0.0;0.0
-5.2;-67.86;-0.14;0.0;0.0;0.0;0.0
-5.17;-67.85;-0.13;0.0;0.0;0.0;0.0
-5.17;-67.86;-0.15;0.0;0.0;0.0;0.0
-5.18;-67.86;-0.13;0.0;0.0;0.0;0.0
-5.17;-67.86;-0.15;0.0;0.0;0.0;0.0
-5.17;-67.85;-0.13;0.0;0.0;0.0;0.0
-5.18;-67.86;-0.14;0.0;0.0;0.0;0.0
-5.18;-67.85;-0.14;0.0;0.0;0.0;0.0
-5.18;-67.85;-0.14;0.0;0.0;0.0;0.0
-5.18;-67.85;-0.14;0.0;0.0;0.0;0.0
-5.17;-67.85;-0.14;0.0;0.0;0.0;0.0
-5.17;-67.85;-0.14;0.0;0.0;0.0;0.0
-5.18;-67.85;-0.14;0.0;0.0;0.0;0.0
-5.18;-67.85;-0.14;0.0;0.0;0.0;0.0
-5.18;-67.85;-0.14;0.0;0.0;0.0;0.0
-5.17;-67.86;-0.14;0.0;0.0;0.0;0.0
-5.17;-67.86;-0.14;0.0;0.0;0.0;0.0
-5.17;-67.86;-0.14;0.0;0.0;0.0;0.0
-5.18;-67.85;-0.14;0.0;0.0;0.0;0.0
-5.17;-67.86;-0.15;0.0;0.0;0.0;0.0
-5.17;-67.86;-0.15;0.0;0.0;0.0;0.0
-5.17;-67.85;-0.16;0.0;0.0;0.0;0.0
-5.17;-67.86;-0.15;0.0;0.0;0.0;0.0
-5.17;-67.85;-0.16;0.0;0.0;0.0;0.0
-5.17;-67.85;-0.15;0.0;0.0;0.0;0.0
-5.17;-67.85;-0.15;0.0;0.0;0.0;0.0
-5.18;-67.85;-0.14;0.0;0.0;0.0;0.0
-5.17;-67.85;-0.15;0.0;0.0;0.0;0.0
-5.17;-67.85;-0.15;0.0;0.0;0.0;0.0
-5.18;-67.85;-0.14;0.0;0.0;0.0;0.0
-5.16;-67.85;-0.15;0.0;0.0;0.0;0.0
-5.17;-67.85;-0.14;0.0;0.0;0.0;0.0
-5.18;-67.85;-0.14;0.0;0.0;0.0;0.0
-5.17;-67.85;-0.14;0.0;0.0;0.0;0.0
-5.17;-67.85;-0.14;0.0;0.0;0.0;0.0
-5.17;-67.85;-0.14;0.0;0.0;0.0;0.0
-5.17;-67.85;-0.14;0.0;0.0;0.0;0.0
-5.17;-67.85;-0.14;0.0;0.0;0.0;0.0
-5.17;-67.86;-0.14;0.0;0.0;0.0;0.0
-5.17;-67.85;-0.14;0.0;0.0;0.0;0.0
-5.17;-67.85;-0.14;0.0;0.0;0.0;0.0
-5.17;-67.85;-0.14;0.0;0.0;0.0;0.0
-5.18;-67.86;-0.14;0.0;0.0;0.0;0.0
-5.18;-67.86;-0.14;0.0;0.0;0.0;0.0
-5.18;-67.86;-0.14;0.0;0.0;0.0;0.0
-5.18;-67.85;-0.14;0.0;0.0;0.0;0.0
-5.18;-67.85;-0.14;0.0;0.0;0.0;0.0
-5.17;-67.85;-0.15;0.0;0.0;0.0;0.0
-5.18;-67.85;-0.14;0.0;0.0;0.0;0.0
-5.17;-67.85;-0.14;0.0;0.0;0.0;0.0
-5.17;-67.86;-0.13;0.0;0.0;0.0;0.0
-5.17;-67.86;-0.14;0.0;0.0;0.0;0.0
-5.17;-67.86;-0.14;0.0;0.0;0.0;0.0
-5.17;-67.86;-0.14;0.0;0.0;0.0;0.0
-5.17;-67.86;-0.14;0.0;0.0;0.0;0.0
-5.17;-67.86;-0.14;0.0;0.0;0.0;0.0
-5.17;-67.86;-0.14;0.0;0.0;0.0;0.0
-5.16;-67.86;-0.13;0.0;0.0;0.0;0.0
-5.17;-67.86;-0.14;0.0;0.0;0.0;0.0
-5.17;-67.86;-0.14;0.0;0.0;0.0;0.0
-5.17;-67.86;-0.13;0.0;0.0;0.0;0.0
-5.17;-67.86;-0.13;0.0;0.0;0.0;0.0
-5.17;-67.86;-0.13;0.0;0.0;0.0;0.0
-5.17;-67.86;-0.13;0.0;0.0;0.0;0.0
-5.17;-67.86;-0.14;0.0;0.0;0.0;0.0
-5.17;-67.86;-0.13;0.0;0.0;0.0;0.0
-5.17;-67.86;-0.14;0.0;0.0;0.0;0.0
-5.17;-67.86;-0.13;0.0;0.0;0.0;0.0
-5.18;-67.86;-0.14;0.0;0.0;0.0;0.0
-5.17;-67.86;-0.14;0.0;0.0;0.0;0.0
-5.17;-67.86;-0.14;0.0;0.0;0.0;0.0
-5.17;-67.86;-0.14;0.0;0.0;0.0;0.0
-5.17;-67.86;-0.14;0.0;0.0;0.0;0.0
-5.17;-67.86;-0.15;0.0;0.0;0.0;0.0
-5.17;-67.86;-0.14;0.0;0.0;0.0;0.0
-5.16;-67.86;-0.15;0.0;0.0;0.0;0.0
-5.17;-67.86;-0.14;0.0;0.0;0.0;0.0
-5.17;-67.86;-0.14;0.0;0.0;0.0;0.0
-5.16;-67.86;-0.15;0.0;0.0;0.0;0.0
-5.16;-67.86;-0.15;0.0;0.0;0.0;0.0
-5.17;-67.86;-0.15;0.0;0.0;0.0;0.0
-5.16;-67.86;-0.15;0.0;0.0;0.0;0.0
-5.17;-67.86;-0.15;0.0;0.0;0.0;0.0
-5.17;-67.86;-0.14;0.0;0.0;0.0;0.0
-5.17;-67.86;-0.15;0.0;0.0;0.0;0.0
-5.17;-67.86;-0.14;0.0;0.0;0.0;0.0
-5.17;-67.86;-0.14;0.0;0.0;0.0;0.0
-5.17;-67.86;-0.14;0.0;0.0;0.0;0.0
-5.17;-67.86;-0.14;0.0;0.0;0.0;0.0
-5.17;-67.86;-0.14;0.0;0.0;0.0;0.0
-5.18;-67.86;-0.14;0.0;0.0;0.0;0.0
-5.17;-67.86;-0.14;0.0;0.0;0.0;0.0
-5.17;-67.86;-0.15;0.0;0.0;0.0;0.0
-5.17;-67.86;-0.14;0.0;0.0;0.0;0.0
-5.17;-67.86;-0.14;0.0;0.0;0.0;0.0
-5.17;-67.86;-0.14;0.0;0.0;0.0;0.0
-5.17;-67.86;-0.15;0.0;0.0;0.0;0.0
-5.17;-67.87;-0.14;0.0;0.0;0.0;0.0
-5.17;-67.87;-0.14;0.0;0.0;0.0;0.0
-5.17;-67.87;-0.14;0.0;0.0;0.0;0.0
-5.17;-67.87;-0.14;0.0;0.0;0.0;0.0
-5.17;-67.88;-0.14;0.0;0.0;0.0;0.0
-5.17;-67.88;-0.14;0.0;0.0;0.0;0.0
-5.17;-67.88;-0.14;0.0;0.0;0.0;0.0
-5.17;-67.88;-0.14;0.0;0.0;0.0;0.0
-5.17;-67.88;-0.14;0.0;0.0;0.0;0.0
-5.17;-67.88;-0.14;0.0;0.0;0.0;0.0
-5.18;-67.88;-0.14;0.0;0.0;0.0;0.0
-5.18;-67.88;-0.14;0.0;0.0;0.0;0.0
-5.17;-67.88;-0.15;0.0;0.0;0.0;0.0
-5.17;-67.88;-0.15;0.0;0.0;0.0;0.0
-5.17;-67.88;-0.15;0.0;0.0;0.0;0.0
-5.18;-67.88;-0.14;0.0;0.0;0.0;0.0
-5.17;-67.88;-0.15;0.0;0.0;0.0;0.0
-5.17;-67.88;-0.15;0.0;0.0;0.0;0.0
-5.17;-67.88;-0.15;0.0;0.0;0.0;0.0
-5.17;-67.88;-0.15;0.0;0.0;0.0;0.0
-5.17;-67.88;-0.14;0.0;0.0;0.0;0.0
-5.18;-67.88;-0.14;0.0;0.0;0.0;0.0
-5.17;-67.88;-0.14;0.0;0.0;0.0;0.0
-5.17;-67.88;-0.14;0.0;0.0;0.0;0.0
-5.17;-67.88;-0.14;0.0;0.0;0.0;0.0
-5.17;-67.88;-0.14;0.0;0.0;0.0;0.0
-5.17;-67.88;-0.14;0.0;0.0;0.0;0.0
-5.17;-67.88;-0.14;0.0;0.0;0.0;0.0
-5.17;-67.88;-0.14;0.0;0.0;0.0;0.0
-5.17;-67.88;-0.14;0.0;0.0;0.0;0.0
-5.17;-67.88;-0.14;0.0;0.0;0.0;0.0
-5.17;-67.88;-0.15;0.0;0.0;0.0;0.0
-5.17;-67.88;-0.15;0.0;0.0;0.0;0.0
-5.17;-67.88;-0.15;0.0;0.0;0.0;0.0
-5.18;-67.88;-0.14;0.0;0.0;0.0;0.0
-5.17;-67.88;-0.14;0.0;0.0;0.0;0.0
-5.18;-67.88;-0.14;0.0;0.0;0.0;0.0
-5.18;-67.88;-0.14;0.0;0.0;0.0;0.0
-5.18;-67.88;-0.14;0.0;0.0;0.0;0.0
-5.18;-67.88;-0.14;0.0;0.0;0.0;0.0
-5.18;-67.88;-0.14;0.0;0.0;0.0;0.0
-5.18;-67.88;-0.14;0.0;0.0;0.0;0.0
-5.18;-67.88;-0.14;0.0;0.0;0.0;0.0
-5.18;-67.88;-0.15;0.0;0.0;0.0;0.0
-5.17;-67.88;-0.15;0.0;0.0;0.0;0.0
-5.18;-67.88;-0.15;0.0;0.0;0.0;0.0
-5.18;-67.88;-0.15;0.0;0.0;0.0;0.0
-5.18;-67.88;-0.14;0.0;0.0;0.0;0.0
-5.18;-67.88;-0.15;0.0;0.0;0.0;0.0
-5.18;-67.88;-0.15;0.0;0.0;0.0;0.0
-5.18;-67.88;-0.15;0.0;0.0;0.0;0.0
-5.18;-67.89;-0.15;0.0;0.0;0.0;0.0
-5.18;-67.88;-0.15;0.0;0.0;0.0;0.0
-5.18;-67.88;-0.15;0.0;0.0;0.0;0.0
-5.18;-67.88;-0.15;0.0;0.0;0.0;0.0
-5.19;-67.88;-0.16;0.0;0.0;0.0;0.0
-5.18;-67.89;-0.15;0.0;0.0;0.0;0.0
-5.18;-67.89;-0.15;0.0;0.0;0.0;0.0
-5.18;-67.88;-0.15;0.0;0.0;0.0;0.0
-5.18;-67.88;-0.15;0.0;0.0;0.0;0.0
-5.19;-67.89;-0.16;0.0;0.0;0.0;0.0
-5.18;-67.89;-0.15;0.0;0.0;0.0;0.0
-5.19;-67.89;-0.16;0.0;0.0;0.0;0.0
-5.18;-67.89;-0.15;0.0;0.0;0.0;0.0
-5.19;-67.89;-0.15;0.0;0.0;0.0;0.0
-5.19;-67.89;-0.15;0.0;0.0;0.0;0.0
-5.19;-67.89;-0.15;0.0;0.0;0.0;0.0
-5.19;-67.89;-0.15;0.0;0.0;0.0;0.0
-5.18;-67.89;-0.15;0.0;0.0;0.0;0.0
21.67;-26.22;51.99;0.0;0.0;0.0;0.0
77.45;17.22;12.5;0.0;0.0;0.0;0.0
41.42;75.91;-1.4;0.0;0.0;0.0;0.0
10.73;-28.26;40.32;0.0;0.0;0.0;0.0
-22.89;32.29;47.88;0.0;0.0;0.0;0.0
44.75;68.99;-5.35;0.0;0.0;0.0;0.0
-33.19;37.51;44.67;0.0;0.0;0.0;0.0
-55.48;-35.46;-30.29;0.0;0.0;0.0;0.0
-57.08;-86.37;6.74;0.0;0.0;0.0;0.0
-7.55;30.59;34.96;0.0;0.0;0.0;0.0
13.14;-39.9;37.8;0.0;0.0;0.0;0.0
-16.52;43.02;39.14;0.0;0.0;0.0;0.0
33.75;-37.88;44.05;0.0;0.0;0.0;0.0
71.59;33.7;-18.21;0.0;0.0;0.0;0.0
-64.35;-45.04;15.29;0.0;0.0;0.0;0.0
8.78;75.17;16.44;0.0;0.0;0.0;0.0
61.91;-5.17;27.79;0.0;0.0;0.0;0.0
-9.53;-126.54;19.86;0.0;0.0;0.0;0.0
-34.85;29.06;48.2;0.0;0.0;0.0;0.0
-13.84;45.71;36.17;0.0;0.0;0.0;0.0
46.77;32.21;-36.16;0.0;0.0;0.0;0.0
34.15;31.15;-33.02;0.0;0.0;0.0;0.0
30.62;149.89;18.74;0.0;0.0;0.0;0.0
26.23;-23.0;55.4;0.0;0.0;0.0;0.0
-8.14;-59.65;15.26;0.0;0.0;0.0;0.0
-1.97;56.09;24.58;0.0;0.0;0.0;0.0
-4.37;47.1;27.39;0.0;0.0;0.0;0.0
-30.03;28.07;50.76;0.0;0.0;0.0;0.0
-31.4;21.09;55.27;0.0;0.0;0.0;0.0
-56.31;-22.06;-31.34;0.0;0.0;0.0;0.0
-59.01;-84.75;11.68;0.0;0.0;0.0;0.0
-32.17;-103.33;9.3;0.0;0.0;0.0;0.0
49.11;23.17;-40.79;0.0;0.0;0.0;0.0
5.52;-55.55;27.32;0.0;0.0;0.0;0.0
-31.72;-174.67;21.8;0.0;0.0;0.0;0.0
70.46;17.34;-7.07;0.0;0.0;0.0;0.0
-5.17;-67.9;-0.15;0.0;0.0;0.0;0.0
-5.17;-67.9;-0.15;0.0;0.0;0.0;0.0
-5.18;-67.9;-0.15;0.0;0.0;0.0;0.0
-5.18;-67.9;-0.14;0.0;0.0;0.0;0.0
-5.18;-67.89;-0.15;0.0;0.0;0.0;0.0
-5.18;-67.89;-0.15;0.0;0.0;0.0;0.0
-5.18;-67.89;-0.15;0.0;0.0;0.0;0.0
-5.18;-67.89;-0.15;0.0;0.0;0.0;0.0
-5.18;-67.89;-0.15;0.0;0.0;0.0;0.0
-5.18;-67.89;-0.15;0.0;0.0;0.0;0.0
-5.17;-67.89;-0.15;0.0;0.0;0.0;0.0
-5.18;-67.89;-0.14;0.0;0.0;0.0;0.0
-5.18;-67.89;-0.14;0.0;0.0;0.0;0.0
-5.18;-67.89;-0.14;0.0;0.0;0.0;0.0
-5.18;-67.89;-0.14;0.0;0.0;0.0;0.0
-5.18;-67.89;-0.14;0.0;0.0;0.0;0.0
-5.18;-67.89;-0.14;0.0;0.0;0.0;0.0
-5.18;-67.89;-0.14;0.0;0.0;0.0;0.0
-5.17;-67.89;-0.14;0.0;0.0;0.0;0.0
-5.17;-67.89;-0.14;0.0;0.0;0.0;0.0
-5.17;-67.89;-0.14;0.0;0.0;0.0;0.0
-5.17;-67.89;-0.14;0.0;0.0;0.0;0.0
-5.17;-67.89;-0.14;0.0;0.0;0.0;0.0
-5.17;-67.89;-0.14;0.0;0.0;0.0;0.0
-5.17;-67.89;-0.14;0.0;0.0;0.0;0.0
-5.17;-67.89;-0.14;0.0;0.0;0.0;0.0
-5.17;-67.89;-0.14;0.0;0.0;0.0;0.0
-5.17;-67.89;-0.14;0.0;0.0;0.0;0.0
-5.17;-67.89;-0.14;0.0;0.0;0.0;0.0
-5.17;-67.89;-0.15;0.0;0.0;0.0;0.0
-5.17;-67.89;-0.15;0.0;0.0;0.0;0.0
-5.17;-67.89;-0.15;0.0;0.0;0.0;0.0
-5.17;-67.89;-0.15;0.0;0.0;0.0;0.0
-5.17;-67.89;-0.14;0.0;0.0;0.0;0.0
-5.17;-67.89;-0.14;0.0;0.0;0.0;0.0
-5.17;-67.89;-0.15;0.0;0.0;0.0;0.0
-5.16;-67.89;-0.15;0.0;0.0;0.0;0.0
-5.16;-67.89;-0.15;0.0;0.0;0.0;0.0
-5.17;-67.89;-0.15;0.0;0.0;0.0;0.0
-5.16;-67.89;-0.15;0.0;0.0;0.0;0.0
-5.17;-67.89;-0.15;0.0;0.0;0.0;0.0
-5.17;-67.89;-0.15;0.0;0.0;0.0;0.0
-5.17;-67.89;-0.15;0.0;0.0;0.0;0.0
-5.17;-67.89;-0.15;0.0;0.0;0.0;0.0
-5.17;-67.89;-0.15;0.0;0.0;0.0;0.0
-5.17;-67.89;-0.15;0.0;0.0;0.0;0.0
-5.16;-67.89;-0.15;0.0;0.0;0.0;0.0
-5.17;-67.9;-0.15;0.0;0.0;0.0;0.0
-5.17;-67.9;-0.15;0.0;0.0;0.0;0.0
-5.17;-67.9;-0.15;0.0;0.0;0.0;0.0
-5.16;-67.9;-0.14;0.0;0.0;0.0;0.0
-5.16;-67.9;-0.14;0.0;0.0;0.0;0.0
-5.16;-67.9;-0.14;0.0;0.0;0.0;0.0
-5.16;-67.9;-0.14;0.0;0.0;0.0;0.0
-5.16;-67.89;-0.15;0.0;0.0;0.0;0.0
-5.16;-67.9;-0.14;0.0;0.0;0.0;0.0
-5.16;-67.9;-0.14;0.0;0.0;0.0;0.0
-5.17;-67.9;-0.15;0.0;0.0;0.0;0.0
-5.17;-67.9;-0.15;0.0;0.0;0.0;0.0
-5.17;-67.9;-0.15;0.0;0.0;0.0;0.0
-5.17;-67.9;-0.15;0.0;0.0;0.0;0.0
-5.17;-67.89;-0.15;0.0;0.0;0.0;0.0
-5.17;-67.9;-0.15;0.0;0.0;0.0;0.0
-5.16;-67.9;-0.14;0.0;0.0;0.0;0.0
-5.16;-67.9;-0.14;0.0;0.0;0.0;0.0
-5.17;-67.9;-0.14;0.0;0.0;0.0;0.0
-5.17;-67.9;-0.14;0.0;0.0;0.0;0.0
-5.17;-67.9;-0.14;0.0;0.0;0.0;0.0
-5.17;-67.9;-0.14;0.0;0.0;0.0;0.0
-5.17;-67.9;-0.14;0.0;0.0;0.0;0.0
-5.17;-67.9;-0.14;0.0;0.0;0.0;0.0
-5.17;-67.9;-0.14;0.0;0.0;0.0;0.0
-5.17;-67.9;-0.14;0.0;0.0;0.0;0.0
-5.17;-67.9;-0.14;0.0;0.0;0.0;0.0
-5.17;-67.9;-0.14;0.0;0.0;0.0;0.0
-5.17;-67.9;-0.14;0.0;0.0;0.0;0.0
-5.17;-67.9;-0.14;0.0;0.0;0.0;0.0
-5.17;-67.9;-0.14;0.0;0.0;0.0;0.0
-5.17;-67.9;-0.14;0.0;0.0;0.0;0.0
-5.17;-67.9;-0.14;0.0;0.0;0.0;0.0
-5.17;-67.9;-0.14;0.0;0.0;0.0;0.0
-5.17;-67.9;-0.14;0.0;0.0;0.0;0.0
-5.17;-67.9;-0.14;0.0;0.0;0.0;0.0
-5.17;-67.9;-0.14;0.0;0.0;0.0;0.0
-5.17;-67.9;-0.14;0.0;0.0;0.0;0.0
-5.17;-67.9;-0.14;0.0;0.0;0.0;0.0
-5.17;-67.9;-0.14;0.0;0.0;0.0;0.0
-5.17;-67.9;-0.15;0.0;0.0;0.0;0.0
-5.17;-67.9;-0.15;0.0;0.0;0.0;0.0
-5.17;-67.9;-0.14;0.0;0.0;0.0;0.0
-5.17;-67.9;-0.14;0.0;0.0;0.0;0.0
-5.17;-67.9;-0.14;0.0;0.0;0.0;0.0
-5.18;-67.9;-0.14;0.0;0.0;0.0;0.0
-5.18;-67.9;-0.14;0.0;0.0;0.0;0.0
-5.18;-67.9;-0.14;0.0;0.0;0.0;0.0
-5.18;-67.9;-0.14;0.0;0.0;0.0;0.0
-5.18;-67.9;-0.14;0.0;0.0;0.0;0.0
-5.18;-67.9;-0.14;0.0;0.0;0.0;0.0
-5.18;-67.9;-0.14;0.0;0.0;0.0;0.0
-5.18;-67.9;-0.14;0.0;0.0;0.0;0.0
-5.17;-67.9;-0.15;0.0;0.0;0.0;0.0
-5.17;-67.9;-0.15;0.0;0.0;0.0;0.0
-5.17;-67.9;-0.15;0.0;0.0;0.0;0.0
-5.17;-67.9;-0.15;0.0;0.0;0.0;0.0
-5.17;-67.9;-0.15;0.0;0.0;0.0;0.0
-5.17;-67.9;-0.15;0.0;0.0;0.0;0.0
-5.17;-67.9;-0.15;0.0;0.0;0.0;0.0
-5.17;-67.9;-0.16;0.0;0.0;0.0;0.0
-5.17;-67.9;-0.15;0.0;0.0;0.0;0.0
-5.17;-67.9;-0.16;0.0;0.0;0.0;0.0
-5.17;-67.9;-0.15;0.0;0.0;0.0;0.0
-5.17;-67.9;-0.15;0.0;0.0;0.0;0.0
-5.17;-67.9;-0.15;0.0;0.0;0.0;0.0
-5.17;-67.9;-0.15;0.0;0.0;0.0;0.0
-5.17;-67.9;-0.15;0.0;0.0;0.0;0.0
-5.17;-67.9;-0.15;0.0;0.0;0.0;0.0
-5.17;-67.9;-0.15;0.0;0.0;0.0;0.0
-5.17;-67.9;-0.15;0.0;0.0;0.0;0.0
-5.17;-67.9;-0.15;0.0;0.0;0.0;0.0
-5.16;-67.9;-0.14;0.0;0.0;0.0;0.0
-5.17;-67.9;-0.15;0.0;0.0;0.0;0.0
-5.17;-67.9;-0.15;0.0;0.0;0.0;0.0
-5.17;-67.9;-0.15;0.0;0.0;0.0;0.0
-5.17;-67.9;-0.15;0.0;0.0;0.0;0.0
-5.17;-67.9;-0.15;0.0;0.0;0.0;0.0
-5.18;-67.9;-0.15;0.0;0.0;0.0;0.0
-5.18;-67.9;-0.15;0.0;0.0;0.0;0.0
-5.18;-67.9;-0.15;0.0;0.0;0.0;0.0
-5.18;-67.9;-0.15;0.0;0.0;0.0;0.0
-5.18;-67.9;-0.15;0.0;0.0;0.0;0.0
-5.18;-67.9;-0.15;0.0;0.0;0.0;0.0
-5.18;-67.9;-0.15;0.0;0.0;0.0;0.0
-5.18;-67.9;-0.15;0.0;0.0;0.0;0.0
-5.18;-67.9;-0.15;0.0;0.0;0.0;0.0
-5.18;-67.9;-0.15;0.0;0.0;0.0;0.0
-5.18;-67.9;-0.15;0.0;0.0;0.0;0.0
-5.18;-67.9;-0.15;0.0;0.0;0.0;0.0
-5.18;-67.9;-0.15;0.0;0.0;0.0;0.0
-5.18;-67.9;-0.15;0.0;0.0;0.0;0.0
-5.18;-67.9;-0.15;0.0;0.0;0.0;0.0
-5.17;-67.9;-0.16;0.0;0.0;0.0;0.0
-5.18;-67.9;-0.15;0.0;0.0;0.0;0.0
-5.18;-67.9;-0.15;0.0;0.0;0.0;0.0
-5.17;-67.9;-0.15;0.0;0.0;0.0;0.0
-5.17;-67.9;-0.15;0.0;0.0;0.0;0.0
-5.17;-67.9;-0.15;0.0;0.0;0.0;0.0
-5.17;-67.9;-0.15;0.0;0.0;0.0;0.0
-5.17;-67.9;-0.15;0.0;0.0;0.0;0.0
-5.17;-67.9;-0.15;0.0;0.0;0.0;0.0
-5.17;-67.9;-0.15;0.0;0.0;0.0;0.0
-5.17;-67.9;-0.15;0.0;0.0;0.0;0.0
-5.18;-67.9;-0.15;0.0;0.0;0.0;0.0
-5.18;-67.9;-0.15;0.0;0.0;0.0;0.0
-5.17;-67.9;-0.15;0.0;0.0;0.0;0.0
-5.17;-67.9;-0.15;0.0;0.0;0.0;0.0
-5.18;-67.9;-0.15;0.0;0.0;0.0;0.0
-5.18;-67.91;-0.15;0.0;0.0;0.0;0.0
-5.18;-67.91;-0.15;0.0;0.0;0.0;0.0
-5.17;-67.9;-0.15;0.0;0.0;0.0;0.0
-5.17;-67.9;-0.15;0.0;0.0;0.0;0.0
-5.17;-67.9;-0.15;0.0;0.0;0.0;0.0
-5.17;-67.9;-0.15;0.0;0.0;0.0;0.0
-5.17;-67.91;-0.15;0.0;0.0;0.0;0.0
-5.17;-67.91;-0.15;0.0;0.0;0.0;0.0
-5.17;-67.91;-0.15;0.0;0.0;0.0;0.0
-5.17;-67.91;-0.15;0.0;0.0;0.0;0.0
-5.17;-67.91;-0.15;0.0;0.0;0.0;0.0
-5.17;-67.91;-0.15;0.0;0.0;0.0;0.0
-5.17;-67.91;-0.15;0.0;0.0;0.0;0.0
-5.17;-67.91;-0.15;0.0;0.0;0.0;0.0
-5.17;-67.91;-0.15;0.0;0.0;0.0;0.0
-5.17;-67.91;-0.15;0.0;0.0;0.0;0.0
-5.17;-67.91;-0.15;0.0;0.0;0.0;0.0
-5.17;-67.91;-0.15;0.0;0.0;0.0;0.0
-5.17;-67.91;-0.15;0.0;0.0;0.0;0.0
-5.17;-67.91;-0.14;0.0;0.0;0.0;0.0
-5.17;-67.91;-0.14;0.0;0.0;0.0;0.0
-5.17;-67.91;-0.14;0.0;0.0;0.0;0.0
-5.17;-67.91;-0.14;0.0;0.0;0.0;0.0
-5.17;-67.91;-0.14;0.0;0.0;0.0;0.0
-5.17;-67.91;-0.14;0.0;0.0;0.0;0.0
-5.17;-67.91;-0.14;0.0;0.0;0.0;0.0
-5.17;-67.91;-0.15;0.0;0.0;0.0;0.0
-5.17;-67.92;-0.14;0.0;0.0;0.0;0.0
-5.17;-67.92;-0.14;0.0;0.0;0.0;0.0
-5.17;-67.92;-0.14;0.0;0.0;0.0;0.0
-5.17;-67.92;-0.14;0.0;0.0;0.0;0.0
-5.17;-67.92;-0.14;0.0;0.0;0.0;0.0
-5.17;-67.92;-0.14;0.0;0.0;0.0;0.0
-5.17;-67.92;-0.14;0.0;0.0;0.0;0.0
-5.17;-67.93;-0.14;0.0;0.0;0.0;0.0
-5.17;-67.93;-0.14;0.0;0.0;0.0;0.0
-5.17;-67.93;-0.14;0.0;0.0;0.0;0.0
-5.17;-67.93;-0.14;0.0;0.0;0.0;0.0
-5.17;-67.93;-0.14;0.0;0.0;0.0;0.0
-5.17;-67.93;-0.14;0.0;0.0;0.0;0.0
-5.16;-67.93;-0.14;0.0;0.0;0.0;0.0
-5.16;-67.93;-0.14;0.0;0.0;0.0;0.0
-5.16;-67.93;-0.14;0.0;0.0;0.0;0.0
-5.16;-67.93;-0.14;0.0;0.0;0.0;0.0
-5.16;-67.93;-0.14;0.0;0.0;0.0;0.0
-5.16;-67.93;-0.14;0.0;0.0;0.0;0.0
-5.16;-67.93;-0.14;0.0;0.0;0.0;0.0
-5.16;-67.93;-0.14;0.0;0.0;0.0;0.0
-5.15;-67.93;-0.14;0.0;0.0;0.0;0.0
-5.16;-67.93;-0.14;0.0;0.0;0.0;0.0
-5.15;-67.93;-0.14;0.0;0.0;0.0;0.0
-5.15;-67.93;-0.14;0.0;0.0;0.0;0.0
-5.15;-67.93;-0.14;0.0;0.0;0.0;0.0
-5.15;-67.93;-0.14;0.0;0.0;0.0;0.0
-5.16;-67.93;-0.14;0.0;0.0;0.0;0.0
-5.15;-67.93;-0.14;0.0;0.0;0.0;0.0
-5.15;-67.93;-0.14;0.0;0.0;0.0;0.0
-5.15;-67.93;-0.14;0.0;0.0;0.0;0.0
-5.15;-67.93;-0.14;0.0;0.0;0.0;0.0
-5.15;-67.93;-0.14;0.0;0.0;0.0;0.0
-5.16;-67.93;-0.14;0.0;0.0;0.0;0.0
-5.15;-67.93;-0.14;0.0;0.0;0.0;0.0
-5.16;-67.93;-0.14;0.0;0.0;0.0;0.0
-5.15;-67.93;-0.14;0.0;0.0;0.0;0.0
-5.16;-67.93;-0.14;0.0;0.0;0.0;0.0
-5.16;-67.93;-0.14;0.0;0.0;0.0;0.0
-5.16;-67.93;-0.14;0.0;0.0;0.0;0.0
-5.16;-67.93;-0.14;0.0;0.0;0.0;0.0
-5.16;-67.93;-0.14;0.0;0.0;0.0;0.0
-5.16;-67.93;-0.14;0.0;0.0;0.0;0.0
-5.16;-67.93;-0.14;0.0;0.0;0.0;0.0
-5.16;-67.93;-0.14;0.0;0.0;0.0;0.0
-5.16;-67.93;-0.14;0.0;0.0;0.0;0.0
-5.16;-67.93;-0.14;0.0;0.0;0.0;0.0
-5.16;-67.93;-0.14;0.0;0.0;0.0;0.0
-5.16;-67.93;-0.14;0.0;0.0;0.0;0.0
-5.16;-67.93;-0.14;0.0;0.0;0.0;0.0
-5.16;-67.93;-0.14;0.0;0.0;0.0;0.0
-5.16;-67.93;-0.14;0.0;0.0;0.0;0.0
-5.16;-67.93;-0.14;0.0;0.0;0.0;0.0
-5.16;-67.94;-0.14;0.0;0.0;0.0;0.0
-5.16;-67.94;-0.14;0.0;0.0;0.0;0.0
-5.16;-67.93;-0.14;0.0;0.0;0.0;0.0
-5.16;-67.93;-0.14;0.0;0.0;0.0;0.0
-5.16;-67.94;-0.14;0.0;0.0;0.0;0.0
-5.16;-67.93;-0.14;0.0;0.0;0.0;0.0
-5.16;-67.94;-0.14;0.0;0.0;0.0;0.0
-5.16;-67.94;-0.14;0.0;0.0;0.0;0.0
-5.16;-67.94;-0.14;0.0;0.0;0.0;0.0
-5.16;-67.94;-0.14;0.0;0.0;0.0;0.0
-5.16;-67.94;-0.14;0.0;0.0;0.0;0.0
-5.16;-67.94;-0.14;0.0;0.0;0.0;0.0
-5.16;-67.94;-0.14;0.0;0.0;0.0;0.0
-5.17;-67.94;-0.14;0.0;0.0;0.0;0.0
-5.16;-67.94;-0.14;0.0;0.0;0.0;0.0
-5.16;-67.94;-0.14;0.0;0.0;0.0;0.0
-5.16;-67.94;-0.14;0.0;0.0;0.0;0.0
-5.16;-67.94;-0.14;0.0;0.0;0.0;0.0
-5.16;-67.94;-0.14;0.0;0.0;0.0;0.0
-5.16;-67.94;-0.14;0.0;0.0;0.0;0.0
-5.16;-67.94;-0.14;0.0;0.0;0.0;0.0
-5.16;-67.94;-0.14;0.0;0.0;0.0;0.0
-5.16;-67.94;-0.14;0.0;0.0;0.0;0.0
-5.16;-67.94;-0.14;0.0;0.0;0.0;0.0
-5.16;-67.94;-0.14;0.0;0.0;0.0;0.0
-5.15;-67.94;-0.14;0.0;0.0;0.0;0.0
-5.16;-67.94;-0.14;0.0;0.0;0.0;0.0
-5.15;-67.94;-0.14;0.0;0.0;0.0;0.0
-5.15;-67.94;-0.14;0.0;0.0;0.0;0.0
-5.15;-67.94;-0.14;0.0;0.0;0.0;0.0
-5.15;-67.94;-0.14;0.0;0.0;0.0;0.0
-5.15;-67.94;-0.14;0.0;0.0;0.0;0.0
-5.15;-67.94;-0.14;0.0;0.0;0.0;0.0
-5.15;-67.94;-0.14;0.0;0.0;0.0;0.0
-5.16;-67.94;-0.14;0.0;0.0;0.0;0.0
-5.16;-67.94;-0.14;0.0;0.0;0.0;0.0
-5.16;-67.94;-0.14;0.0;0.0;0.0;0.0
-5.16;-67.94;-0.14;0.0;0.0;0.0;0.0
-5.16;-67.94;-0.14;0.0;0.0;0.0;0.0
-5.16;-67.94;-0.14;0.0;0.0;0.0;0.0
-5.16;-67.94;-0.14;0.0;0.0;0.0;0.0
-5.16;-67.94;-0.14;0.0;0.0;0.0;0.0
-5.17;-67.94;-0.14;0.0;0.0;0.0;0.0
-5.17;-67.94;-0.14;0.0;0.0;0.0;0.0
-5.17;-67.94;-0.14;0.0;0.0;0.0;0.0
-5.17;-67.94;-0.13;0.0;0.0;0.0;0.0
-5.16;-67.94;-0.14;0.0;0.0;0.0;0.0
-5.17;-67.94;-0.13;0.0;0.0;0.0;0.0
-5.16;-67.94;-0.14;0.0;0.0;0.0;0.0
-5.17;-67.94;-0.13;0.0;0.0;0.0;0.0
-5.17;-67.94;-0.13;0.0;0.0;0.0;0.0
-5.17;-67.94;-0.13;0.0;0.0;0.0;0.0
-5.17;-67.94;-0.13;0.0;0.0;0.0;0.0
-5.17;-67.94;-0.13;0.0;0.0;0.0;0.0
-5.17;-67.94;-0.14;0.0;0.0;0.0;0.0
-5.16;-67.94;-0.14;0.0;0.0;0.0;0.0
-5.17;-67.94;-0.13;0.0;0.0;0.0;0.0
-5.17;-67.94;-0.13;0.0;0.0;0.0;0.0
-5.16;-67.94;-0.14;0.0;0.0;0.0;0.0
-5.16;-67.94;-0.14;0.0;0.0;0.0;0.0
-5.17;-67.94;-0.13;0.0;0.0;0.0;0.0
-5.17;-67.95;-0.13;0.0;0.0;0.0;0.0
-5.16;-67.94;-0.14;0.0;0.0;0.0;0.0
-5.16;-67.94;-0.14;0.0;0.0;0.0;0.0
-5.16;-67.95;-0.14;0.0;0.0;0.0;0.0
-5.16;-67.94;-0.14;0.0;0.0;0.0;0.0
-5.16;-67.94;-0.14;0.0;0.0;0.0;0.0
-5.16;-67.94;-0.14;0.0;0.0;0.0;0.0
-5.16;-67.94;-0.15;0.0;0.0;0.0;0.0
-5.16;-67.94;-0.15;0.0;0.0;0.0;0.0
-5.16;-67.95;-0.15;0.0;0.0;0.0;0.0
-5.16;-67.95;-0.15;0.0;0.0;0.0;0.0
-5.16;-67.95;-0.15;0.0;0.0;0.0;0.0
-5.16;-67.95;-0.15;0.0;0.0;0.0;0.0
-5.16;-67.95;-0.14;0.0;0.0;0.0;0.0
-5.16;-67.95;-0.14;0.0;0.0;0.0;0.0
-5.16;-67.95;-0.14;0.0;0.0;0.0;0.0
-5.16;-67.95;-0.14;0.0;0.0;0.0;0.0
-5.16;-67.95;-0.14;0.0;0.0;0.0;0.0
-5.16;-67.95;-0.14;0.0;0.0;0.0;0.0
-5.17;-67.95;-0.14;0.0;0.0;0.0;0.0
-5.17;-67.95;-0.14;0.0;0.0;0.0;0.0
-5.17;-67.95;-0.14;0.0;0.0;0.0;0.0
-5.17;-67.95;-0.14;0.0;0.0;0.0;0.0
-5.17;-67.95;-0.14;0.0;0.0;0.0;0.0
-5.17;-67.95;-0.14;0.0;0.0;0.0;0.0
-5.17;-67.95;-0.14;0.0;0.0;0.0;0.0
-5.17;-67.95;-0.14;0.0;0.0;0.0;0.0
-5.17;-67.95;-0.14;0.0;0.0;0.0;0.0
-5.17;-67.95;-0.14;0.0;0.0;0.0;0.0
-5.17;-67.95;-0.14;0.0;0.0;0.0;0.0
-5.17;-67.95;-0.14;0.0;0.0;0.0;0.0
-5.17;-67.95;-0.14;0.0;0.0;0.0;0.0
-5.17;-67.95;-0.14;0.0;0.0;0.0;0.0
-5.17;-67.95;-0.15;0.0;0.0;0.0;0.0
-5.17;-67.95;-0.15;0.0;0.0;0.0;0.0
-5.17;-67.95;-0.14;0.0;0.0;0.0;0.0
-5.17;-67.95;-0.14;0.0;0.0;0.0;0.0
-5.18;-67.95;-0.15;0.0;0.0;0.0;0.0
-5.18;-67.95;-0.15;0.0;0.0;0.0;0.0
-5.18;-67.95;-0.15;0.0;0.0;0.0;0.0
-5.18;-67.95;-0.15;0.0;0.0;0.0;0.0
-5.18;-67.95;-0.15;0.0;0.0;0.0;0.0
-5.18;-67.95;-0.15;0.0;0.0;0.0;0.0
-5.18;-67.95;-0.15;0.0;0.0;0.0;0.0
-5.18;-67.95;-0.15;0.0;0.0;0.0;0.0
-5.18;-67.95;-0.15;0.0;0.0;0.0;0.0
-5.18;-67.95;-0.15;0.0;0.0;0.0;0.0
-5.18;-67.96;-0.15;0.0;0.0;0.0;0.0
-5.18;-67.95;-0.15;0.0;0.0;0.0;0.0
-5.18;-67.96;-0.15;0.0;0.0;0.0;0.0
-5.18;-67.96;-0.15;0.0;0.0;0.0;0.0
-5.18;-67.96;-0.15;0.0;0.0;0.0;0.0
-5.18;-67.95;-0.15;0.0;0.0;0.0;0.0
-5.18;-67.95;-0.15;0.0;0.0;0.0;0.0
-5.18;-67.95;-0.15;0.0;0.0;0.0;0.0
-5.18;-67.95;-0.15;0.0;0.0;0.0;0.0
-5.18;-67.96;-0.15;0.0;0.0;0.0;0.0
-5.17;-67.95;-0.14;0.0;0.0;0.0;0.0
-5.18;-67.95;-0.15;0.0;0.0;0.0;0.0
-5.17;-67.95;-0.14;0.0;0.0;0.0;0.0
-5.17;-67.95;-0.14;0.0;0.0;0.0;0.0
-5.17;-67.95;-0.14;0.0;0.0;0.0;0.0
-5.17;-67.95;-0.14;0.0;0.0;0.0;0.0
-5.17;-67.95;-0.14;0.0;0.0;0.0;0.0
-5.17;-67.95;-0.14;0.0;0.0;0.0;0.0
-5.17;-67.95;-0.14;0.0;0.0;0.0;0.0
-5.17;-67.95;-0.14;0.0;0.0;0.0;0.0
-5.17;-67.95;-0.14;0.0;0.0;0.0;0.0
-5.17;-67.95;-0.14;0.0;0.0;0.0;0.0
-5.17;-67.95;-0.13;0.0;0.0;0.0;0.0
-5.17;-67.95;-0.14;0.0;0.0;0.0;0.0
-5.17;-67.95;-0.13;0.0;0.0;0.0;0.0
-5.17;-67.95;-0.13;0.0;0.0;0.0;0.0
-5.17;-67.95;-0.13;0.0;0.0;0.0;0.0
-5.17;-67.95;-0.13;0.0;0.0;0.0;0.0
-5.17;-67.95;-0.13;0.0;0.0;0.0;0.0
-5.17;-67.95;-0.13;0.0;0.0;0.0;0.0
-5.17;-67.95;-0.14;0.0;0.0;0.0;0.0
-5.17;-67.96;-0.13;0.0;0.0;0.0;0.0
-5.17;-67.97;-0.13;0.0;0.0;0.0;0.0
-5.16;-67.96;-0.14;0.0;0.0;0.0;0.0
-5.16;-67.96;-0.14;0.0;0.0;0.0;0.0
-5.17;-67.96;-0.14;0.0;0.0;0.0;0.0
-5.17;-67.96;-0.14;0.0;0.0;0.0;0.0
-5.17;-67.96;-0.14;0.0;0.0;0.0;0.0
-5.17;-67.96;-0.13;0.0;0.0;0.0;0.0
-5.17;-67.95;-0.13;0.0;0.0;0.0;0.0
-5.17;-67.96;-0.14;0.0;0.0;0.0;0.0
-5.17;-67.95;-0.14;0.0;0.0;0.0;0.0
-5.17;-67.95;-0.14;0.0;0.0;0.0;0.0
-5.17;-67.95;-0.14;0.0;0.0;0.0;0.0
-5.17;-67.95;-0.14;0.0;0.0;0.0;0.0
-5.17;-67.95;-0.14;0.0;0.0;0.0;0.0
-5.17;-67.95;-0.14;0.0;0.0;0.0;0.0
-5.17;-67.95;-0.14;0.0;0.0;0.0;0.0
-5.17;-67.95;-0.14;0.0;0.0;0.0;0.0
-5.17;-67.96;-0.14;0.0;0.0;0.0;0.0
-5.17;-67.96;-0.14;0.0;0.0;0.0;0.0
-5.17;-67.96;-0.14;0.0;0.0;0.0;0.0
-5.17;-67.95;-0.13;0.0;0.0;0.0;0.0
-5.17;-67.95;-0.13;0.0;0.0;0.0;0.0
-5.16;-67.95;-0.14;0.0;0.0;0.0;0.0
-5.16;-67.95;-0.14;0.0;0.0;0.0;0.0
-5.16;-67.96;-0.14;0.0;0.0;0.0;0.0
-5.16;-67.96;-0.14;0.0;0.0;0.0;0.0
-5.16;-67.96;-0.14;0.0;0.0;0.0;0.0
-5.16;-67.97;-0.14;0.0;0.0;0.0;0.0
-5.16;-67.97;-0.14;0.0;0.0;0.0;0.0
-5.16;-67.97;-0.14;0.0;0.0;0.0;0.0
-5.17;-67.96;-0.14;0.0;0.0;0.0;0.0
-5.17;-67.96;-0.14;0.0;0.0;0.0;0.0
-5.17;-67.96;-0.14;0.0;0.0;0.0;0.0
-5.17;-67.96;-0.14;0.0;0.0;0.0;0.0
-5.17;-67.96;-0.14;0.0;0.0;0.0;0.0
-5.17;-67.95;-0.14;0.0;0.0;0.0;0.0
-5.17;-67.95;-0.14;0.0;0.0;0.0;0.0
-5.17;-67.95;-0.14;0.0;0.0;0.0;0.0
-5.17;-67.95;-0.14;0.0;0.0;0.0;0.0
-5.17;-67.95;-0.14;0.0;0.0;0.0;0.0
-5.17;-67.96;-0.14;0.0;0.0;0.0;0.0
-5.17;-67.95;-0.14;0.0;0.0;0.0;0.0
-5.17;-67.95;-0.14;0.0;0.0;0.0;0.0
-5.17;-67.95;-0.14;0.0;0.0;0.0;0.0
-5.17;-67.95;-0.14;0.0;0.0;0.0;0.0
-5.17;-67.95;-0.15;0.0;0.0;0.0;0.0
-5.16;-67.95;-0.14;0.0;0.0;0.0;0.0
-5.16;-67.95;-0.14;0.0;0.0;0.0;0.0
-5.16;-67.95;-0.14;0.0;0.0;0.0;0.0
-5.16;-67.95;-0.14;0.0;0.0;0.0;0.0
-5.16;-67.95;-0.14;0.0;0.0;0.0;0.0
-5.16;-67.95;-0.14;0.0;0.0;0.0;0.0
-5.16;-67.95;-0.14;0.0;0.0;0.0;0.0
-5.16;-67.95;-0.14;0.0;0.0;0.0;0.0
-5.16;-67.95;-0.14;0.0;0.0;0.0;0.0
-5.16;-67.95;-0.14;0.0;0.0;0.0;0.0
-5.16;-67.95;-0.14;0.0;0.0;0.0;0.0
-5.15;-67.95;-0.14;0.0;0.0;0.0;0.0
-5.16;-67.95;-0.14;0.0;0.0;0.0;0.0
-5.15;-67.95;-0.14;0.0;0.0;0.0;0.0
-5.15;-67.95;-0.14;0.0;0.0;0.0;0.0
-5.15;-67.95;-0.14;0.0;0.0;0.0;0.0
-5.15;-67.95;-0.14;0.0;0.0;0.0;0.0
-5.15;-67.95;-0.14;0.0;0.0;0.0;0.0
-5.15;-67.95;-0.14;0.0;0.0;0.0;0.0
-5.15;-67.95;-0.14;0.0;0.0;0.0;0.0
-5.15;-67.95;-0.14;0.0;0.0;0.0;0.0
-5.15;-67.95;-0.14;0.0;0.0;0.0;0.0
-5.15;-67.95;-0.14;0.0;0.0;0.0;0.0
-5.15;-67.95;-0.14;0.0;0.0;0.0;0.0
-5.15;-67.95;-0.14;0.0;0.0;0.0;0.0
-5.15;-67.95;-0.14;0.0;0.0;0.0;0.0
-5.16;-67.95;-0.14;0.0;0.0;0.0;0.0
-5.15;-67.95;-0.14;0.0;0.0;0.0;0.0
-5.15;-67.95;-0.14;0.0;0.0;0.0;0.0
-5.16;-67.95;-0.14;0.0;0.0;0.0;0.0
-5.16;-67.95;-0.14;0.0;0.0;0.0;0.0
-5.16;-67.95;-0.14;0.0;0.0;0.0;0.0
-5.16;-67.95;-0.14;0.0;0.0;0.0;0.0
-5.16;-67.95;-0.14;0.0;0.0;0.0;0.0
-5.16;-67.95;-0.14;0.0;0.0;0.0;0.0
-5.16;-67.95;-0.14;0.0;0.0;0.0;0.0
-5.16;-67.95;-0.15;0.0;0.0;0.0;0.0
-5.16;-67.95;-0.15;0.0;0.0;0.0;0.0
-5.16;-67.95;-0.15;0.0;0.0;0.0;0.0
-5.16;-67.95;-0.15;0.0;0.0;0.0;0.0
-5.16;-67.95;-0.14;0.0;0.0;0.0;0.0
-5.16;-67.95;-0.14;0.0;0.0;0.0;0.0
-5.17;-67.95;-0.15;0.0;0.0;0.0;0.0
-5.17;-67.95;-0.15;0.0;0.0;0.0;0.0
-5.17;-67.95;-0.15;0.0;0.0;0.0;0.0
-5.16;-67.95;-0.15;0.0;0.0;0.0;0.0
-5.16;-67.95;-0.15;0.0;0.0;0.0;0.0
-5.17;-67.95;-0.15;0.0;0.0;0.0;0.0
-5.17;-67.95;-0.15;0.0;0.0;0.0;0.0
-5.16;-67.95;-0.14;0.0;0.0;0.0;0.0
-5.17;-67.95;-0.15;0.0;0.0;0.0;0.0
-5.17;-67.95;-0.15;0.0;0.0;0.0;0.0
-5.17;-67.95;-0.15;0.0;0.0;0.0;0.0
-5.17;-67.95;-0.15;0.0;0.0;0.0;0.0
-5.17;-67.95;-0.15;0.0;0.0;0.0;0.0
-5.17;-67.95;-0.15;0.0;0.0;0.0;0.0
-5.17;-67.95;-0.14;0.0;0.0;0.0;0.0
-5.17;-67.95;-0.14;0.0;0.0;0.0;0.0
-5.17;-67.96;-0.14;0.0;0.0;0.0;0.0
-5.17;-67.95;-0.14;0.0;0.0;0.0;0.0
-5.17;-67.96;-0.14;0.0;0.0;0.0;0.0
-5.17;-67.96;-0.14;0.0;0.0;0.0;0.0
-5.17;-67.96;-0.14;0.0;0.0;0.0;0.0
-5.17;-67.96;-0.14;0.0;0.0;0.0;0.0
-5.17;-67.96;-0.14;0.0;0.0;0.0;0.0
-5.17;-67.96;-0.14;0.0;0.0;0.0;0.0
-5.17;-67.96;-0.14;0.0;0.0;0.0;0.0
-5.17;-67.96;-0.14;0.0;0.0;0.0;0.0
-5.17;-67.96;-0.14;0.0;0.0;0.0;0.0
-5.17;-67.96;-0.14;0.0;0.0;0.0;0.0
-5.17;-67.96;-0.14;0.0;0.0;0.0;0.0
-5.17;-67.96;-0.14;0.0;0.0;0.0;0.0
-5.17;-67.96;-0.14;0.0;0.0;0.0;0.0
-5.17;-67.96;-0.14;0.0;0.0;0.0;0.0
-5.17;-67.96;-0.14;0.0;0.0;0.0;0.0
-5.17;-67.95;-0.14;0.0;0.0;0.0;0.0
-5.17;-67.95;-0.14;0.0;0.0;0.0;0.0
-5.17;-67.95;-0.14;0.0;0.0;0.0;0.0
-5.17;-67.95;-0.14;0.0;0.0;0.0;0.0
-5.17;-67.95;-0.14;0.0;0.0;0.0;0.0
-5.16;-67.95;-0.14;0.0;0.0;0.0;0.0
-5.17;-67.95;-0.14;0.0;0.0;0.0;0.0
-5.16;-67.95;-0.14;0.0;0.0;0.0;0.0
-5.16;-67.95;-0.14;0.0;0.0;0.0;0.0
-5.16;-67.95;-0.14;0.0;0.0;0.0;0.0
-5.16;-67.95;-0.14;0.0;0.0;0.0;0.0
-5.16;-67.95;-0.14;0.0;0.0;0.0;0.0
-5.16;-67.95;-0.14;0.0;0.0;0.0;0.0
-5.16;-67.95;-0.15;0.0;0.0;0.0;0.0
-5.16;-67.95;-0.14;0.0;0.0;0.0;0.0
-5.16;-67.95;-0.14;0.0;0.0;0.0;0.0
-5.16;-67.95;-0.14;0.0;0.0;0.0;0.0
-5.16;-67.95;-0.14;0.0;0.0;0.0;0.0
-5.16;-67.95;-0.14;0.0;0.0;0.0;0.0
-5.17;-67.95;-0.14;0.0;0.0;0.0;0.0
-5.16;-67.95;-0.14;0.0;0.0;0.0;0.0
-5.16;-67.95;-0.14;0.0;0.0;0.0;0.0
-5.17;-67.95;-0.14;0.0;0.0;0.0;0.0
-5.17;-67.95;-0.14;0.0;0.0;0.0;0.0
-5.17;-67.95;-0.14;0.0;0.0;0.0;0.0
-5.17;-67.95;-0.14;0.0;0.0;0.0;0.0
-5.17;-67.95;-0.14;0.0;0.0;0.0;0.0
-5.17;-67.95;-0.14;0.0;0.0;0.0;0.0
-5.16;-67.95;-0.14;0.0;0.0;0.0;0.0
-5.17;-67.95;-0.14;0.0;0.0;0.0;0.0
-5.17;-67.95;-0.14;0.0;0.0;0.0;0.0
-5.17;-67.95;-0.13;0.0;0.0;0.0;0.0
-5.17;-67.95;-0.13;0.0;0.0;0.0;0.0
-5.17;-67.95;-0.13;0.0;0.0;0.0;0.0
-5.17;-67.95;-0.13;0.0;0.0;0.0;0.0
-5.17;-67.95;-0.13;0.0;0.0;0.0;0.0
-5.16;-67.95;-0.14;0.0;0.0;0.0;0.0
-5.17;-67.95;-0.13;0.0;0.0;0.0;0.0
-5.16;-67.95;-0.14;0.0;0.0;0.0;0.0
-5.16;-67.95;-0.14;0.0;0.0;0.0;0.0
-5.16;-67.95;-0.14;0.0;0.0;0.0;0.0
-5.16;-67.95;-0.14;0.0;0.0;0.0;0.0
-5.16;-67.95;-0.14;0.0;0.0;0.0;0.0
-5.16;-67.95;-0.14;0.0;0.0;0.0;0.0
-5.16;-67.95;-0.13;0.0;0.0;0.0;0.0
-5.16;-67.95;-0.13;0.0;0.0;0.0;0.0
-5.16;-67.95;-0.14;0.0;0.0;0.0;0.0
-5.16;-67.95;-0.13;0.0;0.0;0.0;0.0
-5.16;-67.95;-0.14;0.0;0.0;0.0;0.0
-5.16;-67.95;-0.14;0.0;0.0;0.0;0.0
-5.16;-67.96;-0.14;0.0;0.0;0.0;0.0
-5.16;-67.97;-0.14;0.0;0.0;0.0;0.0
-5.16;-67.97;-0.14;0.0;0.0;0.0;0.0
-5.16;-67.97;-0.14;0.0;0.0;0.0;0.0
-5.16;-67.97;-0.14;0.0;0.0;0.0;0.0
-5.16;-67.97;-0.13;0.0;0.0;0.0;0.0
-5.16;-67.97;-0.13;0.0;0.0;0.0;0.0
-5.16;-67.97;-0.13;0.0;0.0;0.0;0.0
-5.16;-67.97;-0.14;0.0;0.0;0.0;0.0
-5.16;-67.97;-0.14;0.0;0.0;0.0;0.0
-5.16;-67.97;-0.14;0.0;0.0;0.0;0.0
-5.16;-67.97;-0.14;0.0;0.0;0.0;0.0
-5.17;-67.96;-0.13;0.0;0.0;0.0;0.0
-5.17;-67.96;-0.13;0.0;0.0;0.0;0.0
-5.17;-67.96;-0.13;0.0;0.0;0.0;0.0
-5.16;-67.96;-0.15;0.0;0.0;0.0;0.0
-5.16;-67.97;-0.14;0.0;0.0;0.0;0.0
-5.17;-67.96;-0.15;0.0;0.0;0.0;0.0
-5.16;-67.97;-0.12;0.0;0.0;0.0;0.0
-5.17;-67.97;-0.13;0.0;0.0;0.0;0.0
-5.17;-67.97;-0.12;0.0;0.0;0.0;0.0
-5.17;-67.97;-0.13;0.0;0.0;0.0;0.0
-5.17;-67.97;-0.12;0.0;0.0;0.0;0.0
-5.17;-67.97;-0.13;0.0;0.0;0.0;0.0
-5.17;-67.97;-0.13;0.0;0.0;0.0;0.0
-5.17;-67.97;-0.13;0.0;0.0;0.0;0.0
-5.17;-67.97;-0.13;0.0;0.0;0.0;0.0
-5.17;-67.97;-0.13;0.0;0.0;0.0;0.0
-5.17;-67.97;-0.12;0.0;0.0;0.0;0.0
-5.17;-67.97;-0.13;0.0;0.0;0.0;0.0
-5.17;-67.97;-0.13;0.0;0.0;0.0;0.0
-5.17;-67.97;-0.13;0.0;0.0;0.0;0.0
-5.17;-67.97;-0.13;0.0;0.0;0.0;0.0
-5.16;-67.97;-0.13;0.0;0.0;0.0;0.0
-5.17;-67.97;-0.13;0.0;0.0;0.0;0.0
-5.16;-67.96;-0.14;0.0;0.0;0.0;0.0
-5.17;-67.97;-0.12;0.0;0.0;0.0;0.0
-5.17;-67.97;-0.13;0.0;0.0;0.0;0.0
-5.16;-67.97;-0.13;0.0;0.0;0.0;0.0
-5.17;-67.96;-0.14;0.0;0.0;0.0;0.0
-5.17;-67.97;-0.13;0.0;0.0;0.0;0.0
-5.16;-67.96;-0.14;0.0;0.0;0.0;0.0
-5.17;-67.97;-0.13;0.0;0.0;0.0;0.0
-5.16;-67.97;-0.14;0.0;0.0;0.0;0.0
-5.16;-67.96;-0.14;0.0;0.0;0.0;0.0
-5.16;-67.96;-0.14;0.0;0.0;0.0;0.0
-5.17;-67.96;-0.15;0.0;0.0;0.0;0.0
-5.16;-67.96;-0.14;0.0;0.0;0.0;0.0
-5.16;-67.96;-0.14;0.0;0.0;0.0;0.0
-5.16;-67.96;-0.14;0.0;0.0;0.0;0.0
-5.15;-67.96;-0.14;0.0;0.0;0.0;0.0
-5.16;-67.96;-0.15;0.0;0.0;0.0;0.0
-5.16;-67.97;-0.14;0.0;0.0;0.0;0.0
-5.15;-67.96;-0.14;0.0;0.0;0.0;0.0
-5.17;-67.97;-0.13;0.0;0.0;0.0;0.0
-5.15;-67.96;-0.14;0.0;0.0;0.0;0.0
-5.16;-67.96;-0.14;0.0;0.0;0.0;0.0
-5.16;-67.97;-0.14;0.0;0.0;0.0;0.0
-5.16;-67.97;-0.14;0.0;0.0;0.0;0.0
-5.16;-67.97;-0.14;0.0;0.0;0.0;0.0
-5.16;-67.96;-0.15;0.0;0.0;0.0;0.0
-5.16;-67.96;-0.14;0.0;0.0;0.0;0.0
-5.16;-67.96;-0.14;0.0;0.0;0.0;0.0
-5.16;-67.96;-0.14;0.0;0.0;0.0;0.0
-5.16;-67.96;-0.14;0.0;0.0;0.0;0.0
-5.17;-67.96;-0.15;0.0;0.0;0.0;0.0
-5.16;-67.96;-0.14;0.0;0.0;0.0;0.0
-5.17;-67.96;-0.15;0.0;0.0;0.0;0.0
-5.16;-67.96;-0.14;0.0;0.0;0.0;0.0
-5.16;-67.96;-0.15;0.0;0.0;0.0;0.0
-5.16;-67.96;-0.15;0.0;0.0;0.0;0.0
-5.16;-67.96;-0.15;0.0;0.0;0.0;0.0
-5.16;-67.96;-0.15;0.0;0.0;0.0;0.0
-5.16;-67.97;-0.14;0.0;0.0;0.0;0.0
-5.16;-67.97;-0.14;0.0;0.0;0.0;0.0
-5.17;-67.98;-0.14;0.0;0.0;0.0;0.0
-5.17;-67.98;-0.13;0.0;0.0;0.0;0.0
-5.16;-67.98;-0.14;0.0;0.0;0.0;0.0
-5.17;-67.98;-0.14;0.0;0.0;0.0;0.0
-5.16;-67.97;-0.14;0.0;0.0;0.0;0.0
-5.18;-67.95;-0.16;0.0;0.0;0.0;0.0
-5.17;-67.95;-0.13;0.0;0.0;0.0;0.0
-5.22;-67.96;-0.17;0.0;0.0;0.0;0.0
-5.15;-67.96;-0.16;0.0;0.0;0.0;0.0
-5.15;-67.96;-0.15;0.0;0.0;0.0;0.0
-5.18;-67.96;-0.17;0.0;0.0;0.0;0.0
-5.19;-67.96;-0.17;0.0;0.0;0.0;0.0
-5.19;-67.96;-0.19;0.0;0.0;0.0;0.0
-5.2;-67.96;-0.2;0.0;0.0;0.0;0.0
-5.31;-67.95;-0.34;0.0;0.0;0.0;0.0
-5.32;-67.95;-0.39;0.0;0.0;0.0;0.0
-5.22;-67.96;-0.2;0.0;0.0;0.0;0.0
-5.26;-67.96;-0.28;0.0;0.0;0.0;0.0
-5.27;-67.95;-0.31;0.0;0.0;0.0;0.0
-5.26;-67.96;-0.28;0.0;0.0;0.0;0.0
-5.3;-67.96;-0.35;0.0;0.0;0.0;0.0
-5.37;-67.94;-0.48;0.0;0.0;0.0;0.0
-5.23;-67.94;-0.27;0.0;0.0;0.0;0.0
-5.2;-67.95;-0.14;0.0;0.0;0.0;0.0
-5.17;-67.95;-0.21;0.0;0.0;0.0;0.0
-5.18;-67.97;-0.13;0.0;0.0;0.0;0.0
-5.15;-67.96;-0.22;0.0;0.0;0.0;0.0
-5.17;-67.95;-0.19;0.0;0.0;0.0;0.0
-5.17;-67.95;-0.14;0.0;0.0;0.0;0.0
-5.18;-67.95;-0.22;0.0;0.0;0.0;0.0
-5.23;-67.94;-0.26;0.0;0.0;0.0;0.0
-5.22;-67.93;-0.27;0.0;0.0;0.0;0.0
-5.26;-67.93;-0.34;0.0;0.0;0.0;0.0
-5.27;-67.88;-0.3;0.0;0.0;0.0;0.0
-5.24;-67.88;-0.27;0.0;0.0;0.0;0.0
-5.31;-67.88;-0.36;0.0;0.0;0.0;0.0
-5.29;-67.88;-0.34;0.0;0.0;0.0;0.0
-5.27;-67.88;-0.3;0.0;0.0;0.0;0.0
-5.19;-67.9;-0.25;0.0;0.0;0.0;0.0
-5.16;-67.9;-0.16;0.0;0.0;0.0;0.0
-5.16;-67.9;-0.17;0.0;0.0;0.0;0.0
-5.18;-67.9;-0.13;0.0;0.0;0.0;0.0
-5.18;-67.89;-0.15;0.0;0.0;0.0;0.0
-5.19;-67.89;-0.14;0.0;0.0;0.0;0.0
-5.16;-67.89;-0.12;0.0;0.0;0.0;0.0
-5.16;-67.9;-0.1;0.0;0.0;0.0;0.0
-5.15;-67.88;-0.15;0.0;0.0;0.0;0.0
-5.23;-67.82;-0.17;0.0;0.0;0.0;0.0
-5.22;-67.75;-0.2;0.0;0.0;0.0;0.0
-5.22;-67.78;-0.04;0.0;0.0;0.0;0.0
-5.21;-67.77;-0.21;0.0;0.0;0.0;0.0
-5.24;-67.75;-0.19;0.0;0.0;0.0;0.0
-5.26;-67.76;-0.11;0.0;0.0;0.0;0.0
-5.2;-67.78;-0.2;0.0;0.0;0.0;0.0
-5.24;-67.77;-0.26;0.0;0.0;0.0;0.0
-5.31;-67.75;-0.37;0.0;0.0;0.0;0.0
-5.33;-67.75;-0.3;0.0;0.0;0.0;0.0
-5.24;-67.76;-0.24;0.0;0.0;0.0;0.0
-5.31;-67.76;-0.26;0.0;0.0;0.0;0.0
-5.32;-67.75;-0.31;-0.69;-0.69;0.91;0.91
-5.35;-67.78;-0.28;-0.69;-0.69;0.91;0.91
-5.35;-67.76;-0.39;-0.69;-0.69;0.91;0.91
-5.36;-67.79;-0.36;-0.69;-0.69;0.91;0.91
-5.32;-67.78;-0.49;-0.69;-0.69;0.91;0.91
-5.37;-67.78;-0.48;-0.7;-0.7;0.92;0.92
-5.36;-67.78;-0.46;-0.69;-0.69;0.91;0.91
-5.36;-67.8;-0.47;-0.69;-0.69;0.91;0.91
-5.34;-67.8;-0.46;-0.64;-0.64;0.96;0.96
-5.36;-67.82;-0.45;-0.64;-0.64;0.96;0.96
-5.3;-67.81;-0.4;-0.63;-0.63;0.95;0.95
-5.3;-67.82;-0.38;-0.64;-0.64;0.96;0.96
-5.3;-67.81;-0.37;-0.63;-0.63;0.95;0.95
-5.41;-67.82;-0.56;-0.65;-0.65;0.97;0.97
-5.34;-67.81;-0.63;-0.64;-0.64;0.96;0.96
-5.37;-67.82;-0.54;-0.65;-0.65;0.97;0.97
-5.28;-67.81;-0.5;-0.63;-0.63;0.95;0.95
-5.32;-67.81;-0.47;-0.64;-0.64;0.96;0.96
-5.36;-67.79;-0.58;-0.63;-0.63;0.97;0.97
-5.38;-67.8;-0.74;-0.64;-0.64;0.98;0.98
-5.38;-67.79;-0.75;-0.64;-0.64;0.98;0.98
-5.45;-67.79;-0.84;-0.65;-0.65;0.99;0.99
-5.53;-67.78;-0.98;-0.66;-0.66;1.0;1.0
-5.62;-67.77;-1.08;-0.67;-0.67;1.01;1.01
-5.63;-67.78;-1.13;-0.67;-0.67;1.01;1.01
-5.61;-67.76;-1.17;-0.67;-0.67;1.01;1.01
-5.64;-67.77;-1.14;-0.68;-0.68;1.02;1.02
-5.66;-67.78;-1.11;-0.68;-0.68;1.02;1.02
-5.64;-67.79;-1.1;-0.68;-0.68;1.02;1.02
-5.67;-67.78;-1.18;-0.68;-0.68;1.02;1.02
-5.63;-67.8;-1.09;-0.67;-0.67;1.01;1.01
-5.48;-67.82;-0.82;-0.65;-0.65;0.99;0.99
-5.36;-67.83;-0.59;-0.63;-0.63;0.97;0.97
-5.22;-67.85;-0.25;-0.61;-0.61;0.95;0.95
-5.0;-67.92;0.29;-0.58;-0.58;0.92;0.92
-4.73;-68.03;0.94;-0.54;-0.54;0.88;0.88
-4.59;-68.04;1.31;-0.52;-0.52;0.86;0.86
-4.49;-68.09;1.79;-0.5;-0.5;0.84;0.84
-4.17;-68.14;2.28;-0.45;-0.45;0.79;0.79
-3.85;-68.18;2.79;-0.41;-0.41;0.75;0.75
-3.44;-68.36;3.74;-0.35;-0.35;0.69;0.69
-3.24;-68.69;5.18;-0.32;-0.32;0.66;0.66
-3.18;-68.96;6.36;-0.31;-0.31;0.65;0.65
-3.34;-69.23;7.16;-0.33;-0.33;0.67;0.67
-3.3;-69.43;7.57;-0.33;-0.33;0.67;0.67
-2.77;-69.58;7.47;-0.25;-0.25;0.59;0.59
-2.15;-69.54;7.07;-0.15;-0.15;0.49;0.49
7.43;-66.66;2.11;1.29;1.29;-0.95;-0.95
7.58;-66.5;3.0;1.31;1.31;-0.97;-0.97
7.82;-66.6;3.53;1.34;1.34;-1.0;-1.0
8.62;-66.73;3.99;1.46;1.46;-1.12;-1.12
9.49;-66.76;3.98;1.59;1.59;-1.25;-1.25
10.87;-66.64;3.71;1.8;1.8;-1.46;-1.46
12.01;-66.41;3.41;1.97;1.97;-1.63;-1.63
12.96;-66.09;3.23;2.11;2.11;-1.77;-1.77
13.67;-65.7;3.1;2.22;2.22;-1.88;-1.88
13.86;-65.5;3.05;2.25;2.25;-1.91;-1.91
13.91;-65.24;3.05;2.26;2.26;-1.92;-1.92
13.79;-64.88;3.19;2.24;2.24;-1.9;-1.9
13.57;-64.61;3.32;2.21;2.21;-1.87;-1.87
13.15;-64.42;3.36;2.14;2.14;-1.8;-1.8
12.3;-64.3;3.25;2.01;2.01;-1.67;-1.67
11.33;-64.21;2.98;1.87;1.87;-1.53;-1.53
10.14;-64.14;2.52;1.69;1.69;-1.35;-1.35
8.94;-64.07;2.03;1.51;1.51;-1.17;-1.17
7.49;-64.05;1.6;1.29;1.29;-0.95;-0.95
6.32;-64.06;1.35;1.12;1.12;-0.78;-0.78
5.11;-64.13;1.15;0.94;0.94;-0.6;-0.6
3.87;-64.26;1.06;0.75;0.75;-0.41;-0.41
2.64;-64.43;0.96;0.57;0.57;-0.23;-0.23
1.3;-64.62;0.86;0.37;0.37;-0.03;-0.03
-0.42;-64.95;0.58;0.11;0.11;0.23;0.23
-1.79;-65.28;0.3;-0.1;-0.1;0.44;0.44
-3.11;-65.54;0.15;-0.3;-0.3;0.64;0.64
-4.38;-65.88;0.22;-0.49;-0.49;0.83;0.83
-5.16;-66.18;0.25;-0.6;-0.6;0.94;0.94
-5.82;-66.45;0.14;-0.7;-0.7;1.04;1.04
-6.36;-66.59;-0.11;-0.78;-0.78;1.12;1.12
-6.63;-66.6;-0.4;-0.82;-0.82;1.16;1.16
-6.88;-66.6;-0.9;-0.86;-0.86;1.2;1.2
-7.06;-66.63;-1.37;-0.89;-0.89;1.23;1.23
-7.15;-66.7;-1.6;-0.9;-0.9;1.24;1.24
-7.2;-66.85;-1.62;-0.91;-0.91;1.25;1.25
-7.19;-66.99;-1.49;-0.91;-0.91;1.25;1.25
-7.0;-67.22;-1.03;-0.88;-0.88;1.22;1.22
-6.4;-67.48;-0.33;-0.79;-0.79;1.13;1.13
-5.58;-67.72;0.24;-0.67;-0.67;1.01;1.01
-4.78;-67.95;0.53;-0.55;-0.55;0.89;0.89
-3.92;-68.07;0.57;-0.42;-0.42;0.76;0.76
-3.12;-68.02;0.39;-0.3;-0.3;0.64;0.64
-2.47;-67.85;0.07;-0.2;-0.2;0.54;0.54
-1.97;-67.75;-0.15;-0.12;-0.12;0.46;0.46
-1.32;-67.65;-0.47;-0.03;-0.03;0.37;0.37
-0.82;-67.57;-0.71;0.05;0.05;0.29;0.29
-0.49;-67.54;-0.67;0.1;0.1;0.24;0.24
-0.34;-67.52;-0.27;0.12;0.12;0.22;0.22
-0.35;-67.48;0.2;0.12;0.12;0.22;0.22
-0.29;-67.43;0.62;0.13;0.13;0.21;0.21
-0.03;-67.44;0.87;0.17;0.17;0.17;0.17
0.47;-67.56;0.99;0.24;0.24;0.1;0.1
1.23;-67.75;1.13;0.35;0.35;-0.01;-0.01
1.88;-67.89;1.24;0.45;0.45;-0.11;-0.11
2.22;-67.96;1.37;0.5;0.5;-0.16;-0.16
2.45;-68.01;1.51;0.54;0.54;-0.2;-0.2
2.68;-68.0;1.76;0.57;0.57;-0.23;-0.23
2.88;-67.95;2.07;0.6;0.6;-0.26;-0.26
3.15;-67.85;2.42;0.64;0.64;-0.3;-0.3
3.49;-67.68;2.82;0.69;0.69;-0.35;-0.35
4.12;-67.47;3.36;0.79;0.79;-0.45;-0.45
4.7;-67.31;3.71;0.88;0.88;-0.54;-0.54
5.32;-67.23;3.94;0.97;0.97;-0.63;-0.63
5.66;-67.26;4.06;1.02;1.02;-0.68;-0.68
5.71;-67.33;4.14;1.03;1.03;-0.69;-0.69
5.58;-67.4;4.26;1.01;1.01;-0.67;-0.67
5.09;-67.46;4.31;0.93;0.93;-0.59;-0.59
3.87;-67.48;4.2;0.75;0.75;-0.41;-0.41
2.74;-67.48;4.13;0.58;0.58;-0.24;-0.24
1.71;-67.5;4.14;0.43;0.43;-0.09;-0.09
0.73;-67.58;4.11;0.28;0.28;0.06;0.06
-0.55;-67.73;3.91;0.09;0.09;0.25;0.25
-1.67;-67.86;3.69;-0.08;-0.08;0.42;0.42
-2.98;-67.93;3.45;-0.28;-0.28;0.62;0.62
-4.66;-67.98;3.24;-0.53;-0.53;0.87;0.87
-5.92;-68.0;3.14;-0.72;-0.72;1.06;1.06
-7.01;-68.06;3.06;-0.88;-0.88;1.22;1.22
-7.85;-68.2;3.05;-1.01;-1.01;1.35;1.35
-8.33;-68.36;3.05;-1.08;-1.08;1.42;1.42
-8.85;-68.59;3.05;-1.16;-1.16;1.5;1.5
-9.15;-68.8;3.06;-1.2;-1.2;1.54;1.54
-9.06;-68.93;3.12;-1.19;-1.19;1.53;1.53
-8.93;-69.08;3.09;-1.17;-1.17;1.51;1.51
-9.0;-69.12;2.93;-1.18;-1.18;1.52;1.52
-9.29;-68.88;2.79;-1.22;-1.22;1.56;1.56
-9.44;-68.63;2.71;-1.25;-1.25;1.59;1.59
-9.36;-68.49;2.63;-1.23;-1.23;1.57;1.57
-8.92;-68.43;2.62;-1.17;-1.17;1.51;1.51
-8.3;-68.42;2.68;-1.07;-1.07;1.41;1.41
-7.63;-68.49;2.83;-0.97;-0.97;1.31;1.31
-7.16;-68.56;2.98;-0.9;-0.9;1.24;1.24
-6.93;-68.58;3.22;-0.87;-0.87;1.21;1.21
-6.77;-68.45;3.53;-0.85;-0.85;1.19;1.19
-6.52;-68.2;3.86;-0.81;-0.81;1.15;1.15
-6.38;-67.95;3.72;-0.79;-0.79;1.13;1.13
-6.27;-67.73;3.45;-0.77;-0.77;1.11;1.11
-6.12;-67.38;3.51;-0.75;-0.75;1.09;1.09
-5.79;-66.97;3.96;-0.7;-0.7;1.04;1.04
-5.51;-66.55;4.3;-0.66;-0.66;1.0;1.0
-5.25;-66.16;4.48;-0.62;-0.62;0.96;0.96
-5.08;-65.91;4.42;-0.59;-0.59;0.93;0.93
-5.12;-65.67;4.04;-0.6;-0.6;0.94;0.94
-5.51;-65.36;3.15;-0.66;-0.66;1.0;1.0
-5.8;-64.95;2.49;-0.7;-0.7;1.04;1.04
-5.6;-64.33;2.85;-0.67;-0.67;1.01;1.01
-5.07;-64.03;3.8;-0.59;-0.59;0.93;0.93
-4.52;-63.97;4.96;-0.51;-0.51;0.85;0.85
-3.73;-64.08;5.46;-0.39;-0.39;0.73;0.73
-3.41;-64.08;4.17;-0.34;-0.34;0.68;0.68
-3.56;-64.03;3.16;-0.36;-0.36;0.7;0.7
-3.66;-64.07;3.18;-0.38;-0.38;0.72;0.72
-3.85;-64.15;2.93;-0.41;-0.41;0.75;0.75
-3.86;-64.26;2.41;-0.41;-0.41;0.75;0.75
-3.92;-64.3;1.82;-0.42;-0.42;0.76;0.76
-4.31;-64.29;0.97;-0.48;-0.48;0.82;0.82
-4.37;-64.29;0.86;-0.49;-0.49;0.83;0.83
-4.37;-64.29;0.82;-0.49;-0.49;0.83;0.83
-4.37;-64.29;0.82;-0.49;-0.49;0.83;0.83
-4.37;-64.29;0.81;-0.49;-0.49;0.83;0.83
-4.39;-64.29;0.81;-0.49;-0.49;0.83;0.83
-4.39;-64.29;0.8;-0.49;-0.49;0.83;0.83
-4.39;-64.29;0.8;-0.49;-0.49;0.83;0.83
-4.39;-64.29;0.8;-0.49;-0.49;0.83;0.83
-4.39;-64.29;0.78;-0.49;-0.49;0.83;0.83
-4.39;-64.29;0.78;-0.49;-0.49;0.83;0.83
-4.41;-64.29;0.78;-0.49;-0.49;0.83;0.83
-4.41;-64.29;0.78;-0.49;-0.49;0.83;0.83
-4.4;-64.29;0.78;-0.49;-0.49;0.83;0.83
-4.4;-64.29;0.77;-0.49;-0.49;0.83;0.83
-4.41;-64.29;0.78;-0.49;-0.49;0.83;0.83
-4.4;-64.29;0.76;-0.49;-0.49;0.83;0.83
-4.41;-64.3;0.76;-0.49;-0.49;0.83;0.83
-4.42;-64.3;0.76;-0.49;-0.49;0.83;0.83
-4.41;-64.3;0.74;-0.49;-0.49;0.83;0.83
-4.41;-64.29;0.76;-0.49;-0.49;0.83;0.83
-4.41;-64.29;0.74;-0.49;-0.49;0.83;0.83
-4.42;-64.3;0.75;-0.49;-0.49;0.83;0.83
-4.41;-64.29;0.74;-0.49;-0.49;0.83;0.83
-4.43;-64.3;0.75;-0.49;-0.49;0.83;0.83
-4.41;-64.29;0.75;-0.49;-0.49;0.83;0.83
-4.42;-64.29;0.75;-0.49;-0.49;0.83;0.83
-4.43;-64.29;0.74;-0.49;-0.49;0.83;0.83
-4.43;-64.29;0.76;-0.49;-0.49;0.83;0.83
-4.44;-64.29;0.76;-0.5;-0.5;0.84;0.84
-4.43;-64.29;0.75;-0.5;-0.5;0.84;0.84
-4.43;-64.29;0.75;-0.49;-0.49;0.83;0.83
-4.42;-64.29;0.73;-0.49;-0.49;0.83;0.83
-4.44;-64.29;0.74;-0.5;-0.5;0.84;0.84
-4.44;-64.29;0.74;-0.5;-0.5;0.84;0.84
-4.43;-64.29;0.74;-0.49;-0.49;0.83;0.83
-4.44;-64.29;0.73;-0.5;-0.5;0.84;0.84
-4.43;-64.29;0.72;-0.5;-0.5;0.84;0.84
-4.45;-64.29;0.73;-0.5;-0.5;0.84;0.84
-4.44;-64.29;0.72;-0.5;-0.5;0.84;0.84
-4.44;-64.29;0.72;-0.5;-0.5;0.84;0.84
-4.45;-64.29;0.73;-0.5;-0.5;0.84;0.84
-4.44;-64.29;0.72;-0.5;-0.5;0.84;0.84
-4.44;-64.29;0.73;-0.5;-0.5;0.84;0.84
-4.44;-64.29;0.71;-0.5;-0.5;0.84;0.84
-4.44;-64.29;0.72;-0.5;-0.5;0.84;0.84
-4.45;-64.3;0.73;-0.5;-0.5;0.84;0.84
-4.45;-64.29;0.72;-0.5;-0.5;0.84;0.84
-4.44;-64.3;0.72;-0.5;-0.5;0.84;0.84
-4.45;-64.3;0.73;-0.5;-0.5;0.84;0.84
-4.45;-64.3;0.72;-0.5;-0.5;0.84;0.84
-4.46;-64.3;0.72;-0.5;-0.5;0.84;0.84
-4.45;-64.3;0.72;-0.5;-0.5;0.84;0.84
-4.45;-64.3;0.72;-0.5;-0.5;0.84;0.84
-4.46;-64.3;0.71;-0.5;-0.5;0.84;0.84
